<?xml version="1.0" encoding="UTF-8"?>
<!-- Generated by org.testng.reporters.JUnitXMLReporter -->
<testsuite ignored="0" hostname="RISHI" failures="3" tests="10" name="Default test" time="963.591" errors="0" timestamp="2026-01-27T23:48:46 IST">
  <testcase classname="io.cucumber.testng.AbstractTestNGCucumberTests" name="runScenario" time="7.119"/>
  <testcase classname="io.cucumber.testng.AbstractTestNGCucumberTests" name="runScenario" time="10.527"/>
  <testcase classname="io.cucumber.testng.AbstractTestNGCucumberTests" name="runScenario" time="18.924"/>
  <testcase classname="io.cucumber.testng.AbstractTestNGCucumberTests" name="runScenario" time="4.721"/>
  <testcase classname="io.cucumber.testng.AbstractTestNGCucumberTests" name="runScenario" time="4.411"/>
  <testcase classname="io.cucumber.testng.AbstractTestNGCucumberTests" name="runScenario" time="5.41"/>
  <testcase classname="io.cucumber.testng.AbstractTestNGCucumberTests" name="runScenario" time="12.303"/>
  <testcase classname="io.cucumber.testng.AbstractTestNGCucumberTests" name="runScenario" time="84.037">
    <failure type="java.lang.ArrayIndexOutOfBoundsException" message="Index 24 out of bounds for length 24">
      <![CDATA[java.lang.ArrayIndexOutOfBoundsException: Index 24 out of bounds for length 24
at java.base/java.util.ImmutableCollections$ListN.get(ImmutableCollections.java:725)
at com.rishi.pw.pages.ProductResultspage.storeRelevantSearchResults(ProductResultspage.java:23)
at com.rishi.pw.test.stepdefinitions.SearchResultsDefinition.the_user_is_able_relevant_results(SearchResultsDefinition.java:30)
at ✽.the user is able relevant results "mobile under 10000"(file:///C:/Users/rishi/eclipse-workspace/Exploring-playwright_Java-Playwright-TestNG/playwright/src/test/resources/features/login.feature:40)
]]>
    </failure>
  </testcase> <!-- runScenario -->
  <testcase classname="io.cucumber.testng.AbstractTestNGCucumberTests" name="runScenario" time="268.915">
    <failure type="java.lang.ArrayIndexOutOfBoundsException" message="Index 24 out of bounds for length 24">
      <![CDATA[java.lang.ArrayIndexOutOfBoundsException: Index 24 out of bounds for length 24
at java.base/java.util.ImmutableCollections$ListN.get(ImmutableCollections.java:725)
at com.rishi.pw.pages.ProductResultspage.storeRelevantSearchResults(ProductResultspage.java:23)
at com.rishi.pw.test.stepdefinitions.SearchResultsDefinition.the_user_is_able_relevant_results(SearchResultsDefinition.java:30)
at ✽.the user is able relevant results "laptop under 50000"(file:///C:/Users/rishi/eclipse-workspace/Exploring-playwright_Java-Playwright-TestNG/playwright/src/test/resources/features/login.feature:40)
]]>
    </failure>
  </testcase> <!-- runScenario -->
  <testcase classname="io.cucumber.testng.AbstractTestNGCucumberTests" name="runScenario" time="534.963">
    <failure type="java.lang.ArrayIndexOutOfBoundsException" message="Index 24 out of bounds for length 24">
      <![CDATA[java.lang.ArrayIndexOutOfBoundsException: Index 24 out of bounds for length 24
at java.base/java.util.ImmutableCollections$ListN.get(ImmutableCollections.java:725)
at com.rishi.pw.pages.ProductResultspage.storeRelevantSearchResults(ProductResultspage.java:23)
at com.rishi.pw.test.stepdefinitions.SearchResultsDefinition.the_user_is_able_relevant_results(SearchResultsDefinition.java:30)
at ✽.the user is able relevant results "tv under 30000"(file:///C:/Users/rishi/eclipse-workspace/Exploring-playwright_Java-Playwright-TestNG/playwright/src/test/resources/features/login.feature:40)
]]>
    </failure>
  </testcase> <!-- runScenario -->
</testsuite> <!-- Default test -->
