<html>
<head>
<title>TestNG:  Default test</title>
<link href="../testng.css" rel="stylesheet" type="text/css" />
<link href="../my-testng.css" rel="stylesheet" type="text/css" />

<style type="text/css">
.log { display: none;} 
.stack-trace { display: none;} 
</style>
<script type="text/javascript">
<!--
function flip(e) {
  current = e.style.display;
  if (current == 'block') {
    e.style.display = 'none';
    return 0;
  }
  else {
    e.style.display = 'block';
    return 1;
  }
}

function toggleBox(szDivId, elem, msg1, msg2)
{
  var res = -1;  if (document.getElementById) {
    res = flip(document.getElementById(szDivId));
  }
  else if (document.all) {
    // this is the way old msie versions work
    res = flip(document.all[szDivId]);
  }
  if(elem) {
    if(res == 0) elem.innerHTML = msg1; else elem.innerHTML = msg2;
  }

}

function toggleAllBoxes() {
  if (document.getElementsByTagName) {
    d = document.getElementsByTagName('div');
    for (i = 0; i < d.length; i++) {
      if (d[i].className == 'log') {
        flip(d[i]);
      }
    }
  }
}

// -->
</script>

</head>
<body>
<h2 align='center'>Default test</h2><table border='1' align="center">
<tr>
<td>Tests passed/Failed/Skipped:</td><td>6/2/0</td>
</tr><tr>
<td>Started on:</td><td>Sun Feb 08 23:21:32 IST 2026</td>
</tr>
<tr><td>Total time:</td><td>51 seconds (51009 ms)</td>
</tr><tr>
<td>Included groups:</td><td></td>
</tr><tr>
<td>Excluded groups:</td><td></td>
</tr>
</table><p/>
<small><i>(Hover the method name to see the test class name)</i></small><p/>
<table width='100%' border='1' class='invocation-failed'>
<tr><td colspan='4' align='center'><b>FAILED TESTS</b></td></tr>
<tr><td><b>Test method</b></td>
<td><b>Attribute(s)</b></td>
<td width="30%"><b>Exception</b></td>
<td width="10%"><b>Time (seconds)</b></td>
<td><b>Instance</b></td>
</tr>
<tr>
<td title='com.rishi.pw.test.runner.Runner.runScenario()'><b>runScenario</b><br>Test class: com.rishi.pw.test.runner.Runner<br>Test method: Runs Cucumber Scenarios<br>Parameters: "Login page hyperlink redirection validation", "Login page features for Flipkart Application"</td>
<td><div><pre>java.lang.AssertionError: expected [true] but found [false]
	at org.testng.Assert.fail(Assert.java:111)
	at org.testng.Assert.failNotEquals(Assert.java:1590)
	at org.testng.Assert.assertTrue(Assert.java:57)
	at org.testng.Assert.assertTrue(Assert.java:67)
	at com.rishi.pw.test.utils.TestValidation.validateLoginHyperlinks(TestValidation.java:29)
	at com.rishi.pw.test.stepdefinitions.LoginDefinition.user_finds_the_page_title_contains(LoginDefinition.java:50)
	at ✽.user finds the page title contains &quot;privacy&quot;(file:///C:/Users/rishi/eclipse-workspace/Exploring-playwright_Java-Playwright-TestNG/playwright/src/test/resources/features/loginpage.feature:15)
</pre></div><a href='#' onClick='toggleBox("stack-trace56777281", this, "Click to show all stack frames", "Click to hide stack frames")'>Click to show all stack frames</a>
<div class='stack-trace' id='stack-trace56777281'><pre>java.lang.AssertionError: expected [true] but found [false]
	at org.testng.Assert.fail(Assert.java:111)
	at org.testng.Assert.failNotEquals(Assert.java:1590)
	at org.testng.Assert.assertTrue(Assert.java:57)
	at org.testng.Assert.assertTrue(Assert.java:67)
	at com.rishi.pw.test.utils.TestValidation.validateLoginHyperlinks(TestValidation.java:29)
	at com.rishi.pw.test.stepdefinitions.LoginDefinition.user_finds_the_page_title_contains(LoginDefinition.java:50)
	at ✽.user finds the page title contains &quot;privacy&quot;(file:///C:/Users/rishi/eclipse-workspace/Exploring-playwright_Java-Playwright-TestNG/playwright/src/test/resources/features/loginpage.feature:15)
</pre></div></td>
<td>44</td>
<td>com.rishi.pw.test.runner.Runner@35d019a3</td></tr>
<tr>
<td title='com.rishi.pw.test.runner.Runner.runScenario()'><b>runScenario</b><br>Test class: com.rishi.pw.test.runner.Runner<br>Test method: Runs Cucumber Scenarios<br>Parameters: "Login page hyperlink redirection validation", "Login page features for Flipkart Application"</td>
<td><div><pre>java.lang.AssertionError: expected [true] but found [false]
	at org.testng.Assert.fail(Assert.java:111)
	at org.testng.Assert.failNotEquals(Assert.java:1590)
	at org.testng.Assert.assertTrue(Assert.java:57)
	at org.testng.Assert.assertTrue(Assert.java:67)
	at com.rishi.pw.test.utils.TestValidation.validateLoginHyperlinks(TestValidation.java:29)
	at com.rishi.pw.test.stepdefinitions.LoginDefinition.user_finds_the_page_title_contains(LoginDefinition.java:50)
	at ✽.user finds the page title contains &quot;terms&quot;(file:///C:/Users/rishi/eclipse-workspace/Exploring-playwright_Java-Playwright-TestNG/playwright/src/test/resources/features/loginpage.feature:15)
</pre></div><a href='#' onClick='toggleBox("stack-trace917553929", this, "Click to show all stack frames", "Click to hide stack frames")'>Click to show all stack frames</a>
<div class='stack-trace' id='stack-trace917553929'><pre>java.lang.AssertionError: expected [true] but found [false]
	at org.testng.Assert.fail(Assert.java:111)
	at org.testng.Assert.failNotEquals(Assert.java:1590)
	at org.testng.Assert.assertTrue(Assert.java:57)
	at org.testng.Assert.assertTrue(Assert.java:67)
	at com.rishi.pw.test.utils.TestValidation.validateLoginHyperlinks(TestValidation.java:29)
	at com.rishi.pw.test.stepdefinitions.LoginDefinition.user_finds_the_page_title_contains(LoginDefinition.java:50)
	at ✽.user finds the page title contains &quot;terms&quot;(file:///C:/Users/rishi/eclipse-workspace/Exploring-playwright_Java-Playwright-TestNG/playwright/src/test/resources/features/loginpage.feature:15)
</pre></div></td>
<td>44</td>
<td>com.rishi.pw.test.runner.Runner@35d019a3</td></tr>
</table><p>
<table width='100%' border='1' class='invocation-passed'>
<tr><td colspan='4' align='center'><b>PASSED TESTS</b></td></tr>
<tr><td><b>Test method</b></td>
<td><b>Attribute(s)</b></td>
<td width="30%"><b>Exception</b></td>
<td width="10%"><b>Time (seconds)</b></td>
<td><b>Instance</b></td>
</tr>
<tr>
<td title='com.rishi.pw.test.runner.Runner.runScenario()'><b>runScenario</b><br>Test class: com.rishi.pw.test.runner.Runner<br>Test method: Runs Cucumber Scenarios<br>Parameters: "Search functionality validation", "Homepage features for Flipkart Application"</td>
<td></td>
<td>50</td>
<td>com.rishi.pw.test.runner.Runner@35d019a3</td></tr>
<tr>
<td title='com.rishi.pw.test.runner.Runner.runScenario()'><b>runScenario</b><br>Test class: com.rishi.pw.test.runner.Runner<br>Test method: Runs Cucumber Scenarios<br>Parameters: "Footer link validation", "Homepage features for Flipkart Application"</td>
<td></td>
<td>43</td>
<td>com.rishi.pw.test.runner.Runner@35d019a3</td></tr>
<tr>
<td title='com.rishi.pw.test.runner.Runner.runScenario()'><b>runScenario</b><br>Test class: com.rishi.pw.test.runner.Runner<br>Test method: Runs Cucumber Scenarios<br>Parameters: "Search functionality validation", "Homepage features for Flipkart Application"</td>
<td></td>
<td>48</td>
<td>com.rishi.pw.test.runner.Runner@35d019a3</td></tr>
<tr>
<td title='com.rishi.pw.test.runner.Runner.runScenario()'><b>runScenario</b><br>Test class: com.rishi.pw.test.runner.Runner<br>Test method: Runs Cucumber Scenarios<br>Parameters: "Social hyperlinks validation", "Homepage features for Flipkart Application"</td>
<td></td>
<td>43</td>
<td>com.rishi.pw.test.runner.Runner@35d019a3</td></tr>
<tr>
<td title='com.rishi.pw.test.runner.Runner.runScenario()'><b>runScenario</b><br>Test class: com.rishi.pw.test.runner.Runner<br>Test method: Runs Cucumber Scenarios<br>Parameters: "Invalid login validation", "Login page features for Flipkart Application"</td>
<td></td>
<td>43</td>
<td>com.rishi.pw.test.runner.Runner@35d019a3</td></tr>
<tr>
<td title='com.rishi.pw.test.runner.Runner.runScenario()'><b>runScenario</b><br>Test class: com.rishi.pw.test.runner.Runner<br>Test method: Runs Cucumber Scenarios<br>Parameters: "Search functionality validation", "Homepage features for Flipkart Application"</td>
<td></td>
<td>47</td>
<td>com.rishi.pw.test.runner.Runner@35d019a3</td></tr>
</table><p>
</body>
</html>