<?xml version="1.0" encoding="UTF-8"?>
<!-- Generated by org.testng.reporters.JUnitReportReporter -->
<testsuite hostname="RISHI" failures="0" tests="10" name="com.rishi.pw.test.runner.Runner" time="121.546" errors="3" timestamp="2026-01-27T23:55:21 IST" skipped="0">
  <testcase classname="com.rishi.pw.test.runner.Runner" name="runScenario" time="8.809"/>
  <testcase classname="com.rishi.pw.test.runner.Runner" name="runScenario" time="16.443"/>
  <testcase classname="com.rishi.pw.test.runner.Runner" name="runScenario" time="9.848">
    <error message="Index 24 out of bounds for length 24" type="java.lang.ArrayIndexOutOfBoundsException">
      <![CDATA[java.lang.ArrayIndexOutOfBoundsException: Index 24 out of bounds for length 24
at java.base/java.util.ImmutableCollections$ListN.get(ImmutableCollections.java:725)
at com.rishi.pw.pages.ProductResultspage.storeRelevantSearchResults(ProductResultspage.java:23)
at com.rishi.pw.test.stepdefinitions.SearchResultsDefinition.the_user_is_able_relevant_results(SearchResultsDefinition.java:30)
at ✽.the user is able relevant results "mobile under 10000"(file:///C:/Users/rishi/eclipse-workspace/Exploring-playwright_Java-Playwright-TestNG/playwright/src/test/resources/features/login.feature:40)
]]>
    </error>
  </testcase> <!-- runScenario -->
  <testcase classname="com.rishi.pw.test.runner.Runner" name="runScenario" time="9.588"/>
  <testcase classname="com.rishi.pw.test.runner.Runner" name="runScenario" time="10.412">
    <error message="Index 24 out of bounds for length 24" type="java.lang.ArrayIndexOutOfBoundsException">
      <![CDATA[java.lang.ArrayIndexOutOfBoundsException: Index 24 out of bounds for length 24
at java.base/java.util.ImmutableCollections$ListN.get(ImmutableCollections.java:725)
at com.rishi.pw.pages.ProductResultspage.storeRelevantSearchResults(ProductResultspage.java:23)
at com.rishi.pw.test.stepdefinitions.SearchResultsDefinition.the_user_is_able_relevant_results(SearchResultsDefinition.java:30)
at ✽.the user is able relevant results "tv under 30000"(file:///C:/Users/rishi/eclipse-workspace/Exploring-playwright_Java-Playwright-TestNG/playwright/src/test/resources/features/login.feature:40)
]]>
    </error>
  </testcase> <!-- runScenario -->
  <testcase classname="com.rishi.pw.test.runner.Runner" name="runScenario" time="36.550"/>
  <testcase classname="com.rishi.pw.test.runner.Runner" name="runScenario" time="4.617"/>
  <testcase classname="com.rishi.pw.test.runner.Runner" name="runScenario" time="10.291">
    <error message="Index 24 out of bounds for length 24" type="java.lang.ArrayIndexOutOfBoundsException">
      <![CDATA[java.lang.ArrayIndexOutOfBoundsException: Index 24 out of bounds for length 24
at java.base/java.util.ImmutableCollections$ListN.get(ImmutableCollections.java:725)
at com.rishi.pw.pages.ProductResultspage.storeRelevantSearchResults(ProductResultspage.java:23)
at com.rishi.pw.test.stepdefinitions.SearchResultsDefinition.the_user_is_able_relevant_results(SearchResultsDefinition.java:30)
at ✽.the user is able relevant results "laptop under 50000"(file:///C:/Users/rishi/eclipse-workspace/Exploring-playwright_Java-Playwright-TestNG/playwright/src/test/resources/features/login.feature:40)
]]>
    </error>
  </testcase> <!-- runScenario -->
  <testcase classname="com.rishi.pw.test.runner.Runner" name="runScenario" time="4.924"/>
  <testcase classname="com.rishi.pw.test.runner.Runner" name="runScenario" time="10.064"/>
</testsuite> <!-- com.rishi.pw.test.runner.Runner -->
