<?xml version="1.0" encoding="UTF-8"?>
<!-- Generated by org.testng.reporters.JUnitReportReporter -->
<testsuite hostname="RISHI" failures="0" tests="9" name="com.rishi.pw.test.runner.Runner" time="4.230" errors="9" timestamp="2026-02-08T22:07:25 IST" skipped="0">
  <testcase classname="com.rishi.pw.test.runner.Runner" name="runScenario" time="0.503">
    <error message="Cannot find object to call __adopt__: browser-context@8ffe29615d9ae4c481a7d54932a834a9" type="com.microsoft.playwright.PlaywrightException">
      <![CDATA[com.microsoft.playwright.PlaywrightException: Cannot find object to call __adopt__: browser-context@8ffe29615d9ae4c481a7d54932a834a9
at com.microsoft.playwright.impl.Connection.dispatch(Connection.java:279)
at com.microsoft.playwright.impl.Connection.processOneMessage(Connection.java:214)
at com.microsoft.playwright.impl.ChannelOwner.runUntil(ChannelOwner.java:136)
at com.microsoft.playwright.impl.Connection.sendMessage(Connection.java:131)
at com.microsoft.playwright.impl.ChannelOwner.sendMessage(ChannelOwner.java:124)
at com.microsoft.playwright.impl.BrowserImpl.newContext(BrowserImpl.java:174)
at com.microsoft.playwright.impl.BrowserImpl.newContext(BrowserImpl.java:34)
at com.rishi.pw.utils.DriverSetup.launchBrowser(DriverSetup.java:31)
at com.rishi.pw.test.stepdefinitions.Hooks.launchApp(Hooks.java:25)
]]>
    </error>
  </testcase> <!-- runScenario -->
  <testcase classname="com.rishi.pw.test.runner.Runner" name="tearDownClass" time="0.209">
    <error message="Cannot find command to respond: 3" type="com.microsoft.playwright.PlaywrightException">
      <![CDATA[com.microsoft.playwright.PlaywrightException: Cannot find command to respond: 3
at com.microsoft.playwright.impl.Connection.dispatch(Connection.java:246)
at com.microsoft.playwright.impl.Connection.processOneMessage(Connection.java:214)
at com.microsoft.playwright.impl.ChannelOwner.runUntil(ChannelOwner.java:136)
at com.microsoft.playwright.impl.Connection.sendMessage(Connection.java:131)
at com.microsoft.playwright.impl.ChannelOwner.sendMessage(ChannelOwner.java:124)
at com.microsoft.playwright.impl.ChannelOwner.sendMessage(ChannelOwner.java:114)
at com.microsoft.playwright.impl.BrowserImpl.close(BrowserImpl.java:82)
at com.microsoft.playwright.Browser.close(Browser.java:1284)
at com.rishi.pw.utils.DriverSetup.destroyGlobalResources(DriverSetup.java:89)
at com.rishi.pw.test.stepdefinitions.Hooks.destoryResources(Hooks.java:53)
]]>
    </error>
  </testcase> <!-- tearDownClass -->
  <testcase classname="com.rishi.pw.test.runner.Runner" name="runScenario" time="0.502">
    <error message="Cannot find command to respond: 4" type="com.microsoft.playwright.PlaywrightException">
      <![CDATA[com.microsoft.playwright.PlaywrightException: Cannot find command to respond: 4
at com.microsoft.playwright.impl.Connection.dispatch(Connection.java:246)
at com.microsoft.playwright.impl.Connection.processOneMessage(Connection.java:214)
at com.microsoft.playwright.impl.ChannelOwner.runUntil(ChannelOwner.java:136)
at com.microsoft.playwright.impl.Connection.sendMessage(Connection.java:131)
at com.microsoft.playwright.impl.ChannelOwner.sendMessage(ChannelOwner.java:124)
at com.microsoft.playwright.impl.ChannelOwner.sendMessage(ChannelOwner.java:114)
at com.microsoft.playwright.impl.BrowserContextImpl.newPage(BrowserContextImpl.java:433)
at com.microsoft.playwright.impl.BrowserContextImpl.newPage(BrowserContextImpl.java:43)
at com.rishi.pw.utils.DriverSetup.launchBrowser(DriverSetup.java:35)
at com.rishi.pw.test.stepdefinitions.Hooks.launchApp(Hooks.java:25)
]]>
    </error>
  </testcase> <!-- runScenario -->
  <testcase classname="com.rishi.pw.test.runner.Runner" name="runScenario" time="0.504">
    <error message="Cannot find object to call __adopt__: browser-context@8ffe29615d9ae4c481a7d54932a834a9" type="com.microsoft.playwright.PlaywrightException">
      <![CDATA[com.microsoft.playwright.PlaywrightException: Cannot find object to call __adopt__: browser-context@8ffe29615d9ae4c481a7d54932a834a9
at com.microsoft.playwright.impl.Connection.dispatch(Connection.java:279)
at com.microsoft.playwright.impl.Connection.processOneMessage(Connection.java:214)
at com.microsoft.playwright.impl.ChannelOwner.runUntil(ChannelOwner.java:136)
at com.microsoft.playwright.impl.Connection.sendMessage(Connection.java:131)
at com.microsoft.playwright.impl.ChannelOwner.sendMessage(ChannelOwner.java:124)
at com.microsoft.playwright.impl.BrowserImpl.newContext(BrowserImpl.java:174)
at com.microsoft.playwright.impl.BrowserImpl.newContext(BrowserImpl.java:34)
at com.rishi.pw.utils.DriverSetup.launchBrowser(DriverSetup.java:31)
at com.rishi.pw.test.stepdefinitions.Hooks.launchApp(Hooks.java:25)
]]>
    </error>
  </testcase> <!-- runScenario -->
  <testcase classname="com.rishi.pw.test.runner.Runner" name="runScenario" time="0.503">
    <error message="Cannot find object to call __adopt__: request-context@7e4c784766c97e81f7ba657b132ae7e4" type="com.microsoft.playwright.PlaywrightException">
      <![CDATA[com.microsoft.playwright.PlaywrightException: Cannot find object to call __adopt__: request-context@7e4c784766c97e81f7ba657b132ae7e4
at com.microsoft.playwright.impl.Connection.dispatch(Connection.java:279)
at com.microsoft.playwright.impl.Connection.processOneMessage(Connection.java:214)
at com.microsoft.playwright.impl.ChannelOwner.runUntil(ChannelOwner.java:136)
at com.microsoft.playwright.impl.Connection.sendMessage(Connection.java:131)
at com.microsoft.playwright.impl.ChannelOwner.sendMessage(ChannelOwner.java:124)
at com.microsoft.playwright.impl.BrowserImpl.newContext(BrowserImpl.java:174)
at com.microsoft.playwright.impl.BrowserImpl.newContext(BrowserImpl.java:34)
at com.rishi.pw.utils.DriverSetup.launchBrowser(DriverSetup.java:31)
at com.rishi.pw.test.stepdefinitions.Hooks.launchApp(Hooks.java:25)
]]>
    </error>
  </testcase> <!-- runScenario -->
  <testcase classname="com.rishi.pw.test.runner.Runner" name="runScenario" time="0.503">
    <error message="Cannot find object to call __adopt__: browser-context@42bd332aa71d31985c10cb10a1a7b19e" type="com.microsoft.playwright.PlaywrightException">
      <![CDATA[com.microsoft.playwright.PlaywrightException: Cannot find object to call __adopt__: browser-context@42bd332aa71d31985c10cb10a1a7b19e
at com.microsoft.playwright.impl.Connection.dispatch(Connection.java:279)
at com.microsoft.playwright.impl.Connection.processOneMessage(Connection.java:214)
at com.microsoft.playwright.impl.ChannelOwner.runUntil(ChannelOwner.java:136)
at com.microsoft.playwright.impl.Connection.sendMessage(Connection.java:131)
at com.microsoft.playwright.impl.ChannelOwner.sendMessage(ChannelOwner.java:124)
at com.microsoft.playwright.impl.BrowserImpl.newContext(BrowserImpl.java:174)
at com.microsoft.playwright.impl.BrowserImpl.newContext(BrowserImpl.java:34)
at com.rishi.pw.utils.DriverSetup.launchBrowser(DriverSetup.java:31)
at com.rishi.pw.test.stepdefinitions.Hooks.launchApp(Hooks.java:25)
]]>
    </error>
  </testcase> <!-- runScenario -->
  <testcase classname="com.rishi.pw.test.runner.Runner" name="runScenario" time="0.503">
    <error message="Cannot find object to call __adopt__: request-context@64edd57e088bccc2fe78f1190aec6260" type="com.microsoft.playwright.PlaywrightException">
      <![CDATA[com.microsoft.playwright.PlaywrightException: Cannot find object to call __adopt__: request-context@64edd57e088bccc2fe78f1190aec6260
at com.microsoft.playwright.impl.Connection.dispatch(Connection.java:279)
at com.microsoft.playwright.impl.Connection.processOneMessage(Connection.java:214)
at com.microsoft.playwright.impl.ChannelOwner.runUntil(ChannelOwner.java:136)
at com.microsoft.playwright.impl.Connection.sendMessage(Connection.java:131)
at com.microsoft.playwright.impl.ChannelOwner.sendMessage(ChannelOwner.java:124)
at com.microsoft.playwright.impl.BrowserImpl.newContext(BrowserImpl.java:174)
at com.microsoft.playwright.impl.BrowserImpl.newContext(BrowserImpl.java:34)
at com.rishi.pw.utils.DriverSetup.launchBrowser(DriverSetup.java:31)
at com.rishi.pw.test.stepdefinitions.Hooks.launchApp(Hooks.java:25)
]]>
    </error>
  </testcase> <!-- runScenario -->
  <testcase classname="com.rishi.pw.test.runner.Runner" name="runScenario" time="0.502">
    <error message="Cannot find object to call __adopt__: request-context@ad94b5097fc705fa2b8b9319830f7648" type="com.microsoft.playwright.PlaywrightException">
      <![CDATA[com.microsoft.playwright.PlaywrightException: Cannot find object to call __adopt__: request-context@ad94b5097fc705fa2b8b9319830f7648
at com.microsoft.playwright.impl.Connection.dispatch(Connection.java:279)
at com.microsoft.playwright.impl.Connection.processOneMessage(Connection.java:214)
at com.microsoft.playwright.impl.ChannelOwner.runUntil(ChannelOwner.java:136)
at com.microsoft.playwright.impl.Connection.sendMessage(Connection.java:131)
at com.microsoft.playwright.impl.ChannelOwner.sendMessage(ChannelOwner.java:124)
at com.microsoft.playwright.impl.BrowserImpl.newContext(BrowserImpl.java:174)
at com.microsoft.playwright.impl.BrowserImpl.newContext(BrowserImpl.java:34)
at com.rishi.pw.utils.DriverSetup.launchBrowser(DriverSetup.java:31)
at com.rishi.pw.test.stepdefinitions.Hooks.launchApp(Hooks.java:25)
]]>
    </error>
  </testcase> <!-- runScenario -->
  <testcase classname="com.rishi.pw.test.runner.Runner" name="runScenario" time="0.501">
    <error message="Object doesn&#039;t exist: browser-context@8ffe29615d9ae4c481a7d54932a834a9" type="com.microsoft.playwright.PlaywrightException">
      <![CDATA[com.microsoft.playwright.PlaywrightException: Object doesn't exist: browser-context@8ffe29615d9ae4c481a7d54932a834a9
at com.microsoft.playwright.impl.Connection.getExistingObject(Connection.java:195)
at com.microsoft.playwright.impl.BrowserImpl.handleEvent(BrowserImpl.java:242)
at com.microsoft.playwright.impl.Connection.dispatch(Connection.java:295)
at com.microsoft.playwright.impl.Connection.processOneMessage(Connection.java:214)
at com.microsoft.playwright.impl.ChannelOwner.runUntil(ChannelOwner.java:136)
at com.microsoft.playwright.impl.Connection.sendMessage(Connection.java:131)
at com.microsoft.playwright.impl.ChannelOwner.sendMessage(ChannelOwner.java:124)
at com.microsoft.playwright.impl.BrowserImpl.newContext(BrowserImpl.java:174)
at com.microsoft.playwright.impl.BrowserImpl.newContext(BrowserImpl.java:34)
at com.rishi.pw.utils.DriverSetup.launchBrowser(DriverSetup.java:31)
at com.rishi.pw.test.stepdefinitions.Hooks.launchApp(Hooks.java:25)
]]>
    </error>
  </testcase> <!-- runScenario -->
</testsuite> <!-- com.rishi.pw.test.runner.Runner -->
