<?xml version="1.0" encoding="UTF-8"?>
<!-- Generated by org.testng.reporters.JUnitReportReporter -->
<testsuite hostname="RISHI" failures="2" tests="8" name="com.rishi.pw.test.runner.Runner" time="365.380" errors="0" timestamp="2026-02-08T23:22:23 IST" skipped="0">
  <testcase classname="com.rishi.pw.test.runner.Runner" name="runScenario" time="50.319"/>
  <testcase classname="com.rishi.pw.test.runner.Runner" name="runScenario" time="44.403">
    <failure message="expected [true] but found [false]" type="java.lang.AssertionError">
      <![CDATA[java.lang.AssertionError: expected [true] but found [false]
at org.testng.Assert.fail(Assert.java:111)
at org.testng.Assert.failNotEquals(Assert.java:1590)
at org.testng.Assert.assertTrue(Assert.java:57)
at org.testng.Assert.assertTrue(Assert.java:67)
at com.rishi.pw.test.utils.TestValidation.validateLoginHyperlinks(TestValidation.java:29)
at com.rishi.pw.test.stepdefinitions.LoginDefinition.user_finds_the_page_title_contains(LoginDefinition.java:50)
at ✽.user finds the page title contains "privacy"(file:///C:/Users/rishi/eclipse-workspace/Exploring-playwright_Java-Playwright-TestNG/playwright/src/test/resources/features/loginpage.feature:15)
]]>
    </failure>
  </testcase> <!-- runScenario -->
  <testcase classname="com.rishi.pw.test.runner.Runner" name="runScenario" time="43.326"/>
  <testcase classname="com.rishi.pw.test.runner.Runner" name="runScenario" time="48.127"/>
  <testcase classname="com.rishi.pw.test.runner.Runner" name="runScenario" time="43.403"/>
  <testcase classname="com.rishi.pw.test.runner.Runner" name="runScenario" time="44.519">
    <failure message="expected [true] but found [false]" type="java.lang.AssertionError">
      <![CDATA[java.lang.AssertionError: expected [true] but found [false]
at org.testng.Assert.fail(Assert.java:111)
at org.testng.Assert.failNotEquals(Assert.java:1590)
at org.testng.Assert.assertTrue(Assert.java:57)
at org.testng.Assert.assertTrue(Assert.java:67)
at com.rishi.pw.test.utils.TestValidation.validateLoginHyperlinks(TestValidation.java:29)
at com.rishi.pw.test.stepdefinitions.LoginDefinition.user_finds_the_page_title_contains(LoginDefinition.java:50)
at ✽.user finds the page title contains "terms"(file:///C:/Users/rishi/eclipse-workspace/Exploring-playwright_Java-Playwright-TestNG/playwright/src/test/resources/features/loginpage.feature:15)
]]>
    </failure>
  </testcase> <!-- runScenario -->
  <testcase classname="com.rishi.pw.test.runner.Runner" name="runScenario" time="43.853"/>
  <testcase classname="com.rishi.pw.test.runner.Runner" name="runScenario" time="47.430"/>
</testsuite> <!-- com.rishi.pw.test.runner.Runner -->
