<?xml version="1.0" encoding="UTF-8"?>
<!-- Generated by org.testng.reporters.JUnitReportReporter -->
<testsuite hostname="RISHI" failures="0" tests="8" name="com.rishi.pw.test.runner.Runner" time="261.881" errors="0" timestamp="2026-02-09T19:24:35 IST" skipped="0">
  <testcase classname="com.rishi.pw.test.runner.Runner" name="runScenario" time="31.917"/>
  <testcase classname="com.rishi.pw.test.runner.Runner" name="runScenario" time="32.575"/>
  <testcase classname="com.rishi.pw.test.runner.Runner" name="runScenario" time="35.019"/>
  <testcase classname="com.rishi.pw.test.runner.Runner" name="runScenario" time="35.576"/>
  <testcase classname="com.rishi.pw.test.runner.Runner" name="runScenario" time="33.402"/>
  <testcase classname="com.rishi.pw.test.runner.Runner" name="runScenario" time="30.523"/>
  <testcase classname="com.rishi.pw.test.runner.Runner" name="runScenario" time="30.325"/>
  <testcase classname="com.rishi.pw.test.runner.Runner" name="runScenario" time="32.544"/>
</testsuite> <!-- com.rishi.pw.test.runner.Runner -->
