<?xml version="1.0" encoding="UTF-8"?>
<!-- Generated by org.testng.reporters.JUnitReportReporter -->
<testsuite hostname="RISHI" failures="0" tests="4" name="com.rishi.pw.test.runner.Runner" time="31.466" errors="0" timestamp="2026-01-22T22:34:35 IST" skipped="0">
  <testcase classname="com.rishi.pw.test.runner.Runner" name="runScenario" time="8.217"/>
  <testcase classname="com.rishi.pw.test.runner.Runner" name="runScenario" time="5.530"/>
  <testcase classname="com.rishi.pw.test.runner.Runner" name="runScenario" time="8.755"/>
  <testcase classname="com.rishi.pw.test.runner.Runner" name="runScenario" time="8.964"/>
</testsuite> <!-- com.rishi.pw.test.runner.Runner -->
