<?xml version="1.0" encoding="UTF-8"?>
<!-- Generated by org.testng.reporters.JUnitReportReporter -->
<testsuite hostname="RISHI" failures="0" tests="8" name="com.rishi.pw.test.runner.Runner" time="409.996" errors="0" timestamp="2026-02-09T23:29:15 IST" skipped="0">
  <testcase classname="com.rishi.pw.test.runner.Runner" name="runScenario" time="49.138"/>
  <testcase classname="com.rishi.pw.test.runner.Runner" name="runScenario" time="49.902"/>
  <testcase classname="com.rishi.pw.test.runner.Runner" name="runScenario" time="53.452"/>
  <testcase classname="com.rishi.pw.test.runner.Runner" name="runScenario" time="54.256"/>
  <testcase classname="com.rishi.pw.test.runner.Runner" name="runScenario" time="50.533"/>
  <testcase classname="com.rishi.pw.test.runner.Runner" name="runScenario" time="52.991"/>
  <testcase classname="com.rishi.pw.test.runner.Runner" name="runScenario" time="49.186"/>
  <testcase classname="com.rishi.pw.test.runner.Runner" name="runScenario" time="50.538"/>
</testsuite> <!-- com.rishi.pw.test.runner.Runner -->
