<?xml version="1.0" encoding="UTF-8"?>
<!-- Generated by org.testng.reporters.JUnitReportReporter -->
<testsuite hostname="RISHI" failures="0" tests="10" name="com.rishi.pw.test.runner.Runner" time="104.944" errors="0" timestamp="2026-01-28T22:57:18 IST" skipped="0">
  <testcase classname="com.rishi.pw.test.runner.Runner" name="runScenario" time="4.844"/>
  <testcase classname="com.rishi.pw.test.runner.Runner" name="runScenario" time="10.102"/>
  <testcase classname="com.rishi.pw.test.runner.Runner" name="runScenario" time="15.254"/>
  <testcase classname="com.rishi.pw.test.runner.Runner" name="runScenario" time="6.528"/>
  <testcase classname="com.rishi.pw.test.runner.Runner" name="runScenario" time="11.350"/>
  <testcase classname="com.rishi.pw.test.runner.Runner" name="runScenario" time="8.659"/>
  <testcase classname="com.rishi.pw.test.runner.Runner" name="runScenario" time="21.278"/>
  <testcase classname="com.rishi.pw.test.runner.Runner" name="runScenario" time="6.382"/>
  <testcase classname="com.rishi.pw.test.runner.Runner" name="runScenario" time="10.942"/>
  <testcase classname="com.rishi.pw.test.runner.Runner" name="runScenario" time="9.605"/>
</testsuite> <!-- com.rishi.pw.test.runner.Runner -->
