<?xml version="1.0" encoding="UTF-8"?>
<!-- Generated by org.testng.reporters.JUnitReportReporter -->
<testsuite hostname="RISHI" failures="0" tests="8" name="com.rishi.pw.test.runner.Runner" time="75.917" errors="0" timestamp="2026-02-02T23:03:05 IST" skipped="0">
  <testcase classname="com.rishi.pw.test.runner.Runner" name="runScenario" time="7.868"/>
  <testcase classname="com.rishi.pw.test.runner.Runner" name="runScenario" time="8.363"/>
  <testcase classname="com.rishi.pw.test.runner.Runner" name="runScenario" time="5.115"/>
  <testcase classname="com.rishi.pw.test.runner.Runner" name="runScenario" time="10.529"/>
  <testcase classname="com.rishi.pw.test.runner.Runner" name="runScenario" time="7.238"/>
  <testcase classname="com.rishi.pw.test.runner.Runner" name="runScenario" time="9.863"/>
  <testcase classname="com.rishi.pw.test.runner.Runner" name="runScenario" time="14.306"/>
  <testcase classname="com.rishi.pw.test.runner.Runner" name="runScenario" time="12.635"/>
</testsuite> <!-- com.rishi.pw.test.runner.Runner -->
