<?xml version="1.0" encoding="UTF-8"?>
<!-- Generated by org.testng.reporters.JUnitReportReporter -->
<testsuite hostname="RISHI" failures="0" tests="5" name="com.rishi.pw.test.runner.Runner" time="30.590" errors="0" timestamp="2026-01-24T22:55:14 IST" skipped="0">
  <testcase classname="com.rishi.pw.test.runner.Runner" name="runScenario" time="4.204"/>
  <testcase classname="com.rishi.pw.test.runner.Runner" name="runScenario" time="4.462"/>
  <testcase classname="com.rishi.pw.test.runner.Runner" name="runScenario" time="6.284"/>
  <testcase classname="com.rishi.pw.test.runner.Runner" name="runScenario" time="7.476"/>
  <testcase classname="com.rishi.pw.test.runner.Runner" name="runScenario" time="8.164"/>
</testsuite> <!-- com.rishi.pw.test.runner.Runner -->
