<?xml version="1.0" encoding="UTF-8"?>
<!-- Generated by org.testng.reporters.JUnitReportReporter -->
<testsuite hostname="RISHI" failures="0" tests="10" name="com.rishi.pw.test.runner.Runner" time="951.330" errors="3" timestamp="2026-01-27T23:48:46 IST" skipped="0">
  <testcase classname="com.rishi.pw.test.runner.Runner" name="runScenario" time="18.924"/>
  <testcase classname="com.rishi.pw.test.runner.Runner" name="runScenario" time="5.410"/>
  <testcase classname="com.rishi.pw.test.runner.Runner" name="runScenario" time="534.963">
    <error message="Index 24 out of bounds for length 24" type="java.lang.ArrayIndexOutOfBoundsException">
      <![CDATA[java.lang.ArrayIndexOutOfBoundsException: Index 24 out of bounds for length 24
at java.base/java.util.ImmutableCollections$ListN.get(ImmutableCollections.java:725)
at com.rishi.pw.pages.ProductResultspage.storeRelevantSearchResults(ProductResultspage.java:23)
at com.rishi.pw.test.stepdefinitions.SearchResultsDefinition.the_user_is_able_relevant_results(SearchResultsDefinition.java:30)
at ✽.the user is able relevant results "tv under 30000"(file:///C:/Users/rishi/eclipse-workspace/Exploring-playwright_Java-Playwright-TestNG/playwright/src/test/resources/features/login.feature:40)
]]>
    </error>
  </testcase> <!-- runScenario -->
  <testcase classname="com.rishi.pw.test.runner.Runner" name="runScenario" time="10.527"/>
  <testcase classname="com.rishi.pw.test.runner.Runner" name="runScenario" time="84.037">
    <error message="Index 24 out of bounds for length 24" type="java.lang.ArrayIndexOutOfBoundsException">
      <![CDATA[java.lang.ArrayIndexOutOfBoundsException: Index 24 out of bounds for length 24
at java.base/java.util.ImmutableCollections$ListN.get(ImmutableCollections.java:725)
at com.rishi.pw.pages.ProductResultspage.storeRelevantSearchResults(ProductResultspage.java:23)
at com.rishi.pw.test.stepdefinitions.SearchResultsDefinition.the_user_is_able_relevant_results(SearchResultsDefinition.java:30)
at ✽.the user is able relevant results "mobile under 10000"(file:///C:/Users/rishi/eclipse-workspace/Exploring-playwright_Java-Playwright-TestNG/playwright/src/test/resources/features/login.feature:40)
]]>
    </error>
  </testcase> <!-- runScenario -->
  <testcase classname="com.rishi.pw.test.runner.Runner" name="runScenario" time="7.119"/>
  <testcase classname="com.rishi.pw.test.runner.Runner" name="runScenario" time="4.411"/>
  <testcase classname="com.rishi.pw.test.runner.Runner" name="runScenario" time="12.303"/>
  <testcase classname="com.rishi.pw.test.runner.Runner" name="runScenario" time="4.721"/>
  <testcase classname="com.rishi.pw.test.runner.Runner" name="runScenario" time="268.915">
    <error message="Index 24 out of bounds for length 24" type="java.lang.ArrayIndexOutOfBoundsException">
      <![CDATA[java.lang.ArrayIndexOutOfBoundsException: Index 24 out of bounds for length 24
at java.base/java.util.ImmutableCollections$ListN.get(ImmutableCollections.java:725)
at com.rishi.pw.pages.ProductResultspage.storeRelevantSearchResults(ProductResultspage.java:23)
at com.rishi.pw.test.stepdefinitions.SearchResultsDefinition.the_user_is_able_relevant_results(SearchResultsDefinition.java:30)
at ✽.the user is able relevant results "laptop under 50000"(file:///C:/Users/rishi/eclipse-workspace/Exploring-playwright_Java-Playwright-TestNG/playwright/src/test/resources/features/login.feature:40)
]]>
    </error>
  </testcase> <!-- runScenario -->
</testsuite> <!-- com.rishi.pw.test.runner.Runner -->
