<?xml version="1.0" encoding="UTF-8"?>
<!-- Generated by org.testng.reporters.JUnitReportReporter -->
<testsuite hostname="RISHI" failures="0" tests="4" name="com.rishi.pw.test.runner.Runner" time="62.922" errors="0" timestamp="2026-01-22T22:47:25 IST" skipped="0">
  <testcase classname="com.rishi.pw.test.runner.Runner" name="runScenario" time="20.073"/>
  <testcase classname="com.rishi.pw.test.runner.Runner" name="runScenario" time="9.971"/>
  <testcase classname="com.rishi.pw.test.runner.Runner" name="runScenario" time="17.961"/>
  <testcase classname="com.rishi.pw.test.runner.Runner" name="runScenario" time="14.917"/>
</testsuite> <!-- com.rishi.pw.test.runner.Runner -->
