

<!DOCTYPE html>
<html>
<head>
<meta charset="UTF-8">
<meta name="viewport" content="width=device-width, initial-scale=1, shrink-to-fit=no">
<title></title>
<link rel="apple-touch-icon" href="https://cdn.jsdelivr.net/gh/extent-framework/extent-github-cdn@b00a2d0486596e73dd7326beacf352c639623a0e/commons/img/logo.png">
<link rel="shortcut icon" href="https://cdn.jsdelivr.net/gh/extent-framework/extent-github-cdn@b00a2d0486596e73dd7326beacf352c639623a0e/commons/img/logo.png">
<link href="https://cdn.jsdelivr.net/gh/extent-framework/extent-github-cdn@ce8b10435bcbae260c334c0d0c6b61d2c19b6168/spark/css/spark-style.css" rel="stylesheet" />
<link href="https://stackpath.bootstrapcdn.com/font-awesome/4.7.0/css/font-awesome.min.css" rel="stylesheet">
<script src="https://cdn.jsdelivr.net/gh/extent-framework/extent-github-cdn@7cc78ce/spark/js/jsontree.js"></script>
<style type="text/css"></style></head><body class="spa bdd-report standard">
  <div class="app">
    <div class="layout">
<div class="header navbar">
<div class="vheader">
<div class="nav-logo">
<a href="#">
<div class="logo" style="background-image: url('https://cdn.jsdelivr.net/gh/extent-framework/extent-github-cdn@b00a2d0486596e73dd7326beacf352c639623a0e/commons/img/logo.png')"></div>
</a>
</div>
<ul class="nav-left">
<li class="search-box">
<a class="search-toggle" href="#">
<i class="search-icon fa fa-search"></i>
<i class="search-icon-close fa fa-close"></i>
</a>
</li>
<li class="search-input"><input id="search-tests" class="form-control" type="text" placeholder="Search..."></li>
</ul>
<ul class="nav-right">
<li class="m-r-10">
<a href="#"><span class="badge badge-primary"></span></a>
</li>
<li class="m-r-10">
<a href="#"><span class="badge badge-primary">Feb 8, 2026 10:07:06 pm</span></a>
</li>
</ul>
</div>
</div><div class="side-nav">
<div class="side-nav-inner">
<ul class="side-nav-menu">
<li class="nav-item dropdown" onclick="toggleView('test-view')">
<a id="nav-test" class="dropdown-toggle" href="#">
<span class="ico"><i class="fa fa-list"></i></span>
</a>
</li>
<li class="nav-item dropdown" onclick="toggleView('exception-view')">
<a id="nav-exception" class="dropdown-toggle" href="#">
<span class="ico"><i class="fa fa-bug"></i></span>
</a>
</li>
<li class="nav-item dropdown" onclick="toggleView('dashboard-view')">
<a id="nav-dashboard" class="dropdown-toggle" href="#">
<span class="ico"><i class="fa fa-bar-chart"></i></span>
</a>
</li>
</ul>
</div>
</div>      <div class="vcontainer">
        <div class="main-content">
<div class="test-wrapper row view test-view">
  <div class="test-list">
    <div class="test-list-tools">
<ul class="tools pull-left">
<li><a href="#"><span class="font-size-14">Tests</span></a></li>
</ul>
<ul class="tools text-right">
<li class="dropdown">
<a href="#" class="dropdown-toggle" data-toggle="dropdown"><i class="fa fa-exclamation-circle"></i></a>
<ul id="status-toggle" class="dropdown-menu dropdown-md p-v-0">
<a class="dropdown-item" status="fail" href="#"><span>Fail</span><span class="status danger"></span></a>
<div class="dropdown-divider"></div>
<a status="clear" class="dropdown-item" href="#"><span>Clear</span><span class="pull-right"><i class="fa fa-close"></i></span></a>
</ul>
</li>
</ul>
</div>    <div class="test-list-wrapper scrollable">
      <ul class="test-list-item">
        <li class="test-item"  status="fail" test-id="1"
          author=""
          tag=""
          device="">
          <div class="test-detail">
            <p class="name">Homepage features for Flipkart Application</p>
            <p class="text-sm">
              <span>10:07:24 pm</span> / <span>00:00:00:167</span>
              <span class="badge fail-bg log float-right">Fail</span>
            </p>
          </div>
          <div class="test-contents d-none">
<div class="detail-head">
<div class="p-v-10">
<div class="info">
<h5 class="test-status text-fail">Homepage features for Flipkart Application</h5>
<span class='badge badge-success'>02.08.2026 10:07:24 pm</span>
<span class='badge badge-danger'>02.08.2026 10:07:25 pm</span>
<span class='badge badge-default'>00:00:00:167</span>
&middot; <span class='uri-anchor badge badge-default'>#test-id=1</span>
<span title='Skip to the next failed step' class='badge badge-danger pointer float-right ne ml-1'><i class="fa fa-fast-forward"></i></span>
<span title='Collapse all nodes' class='badge badge-default pointer float-right ct ml-1'><i class="fa fa-compress"></i></span>
<span title='Expand all nodes' class='badge badge-default pointer float-right et'><i class="fa fa-expand"></i></span>
</div>
<div class="m-t-10 m-l-5"></div>
</div>
</div>
<div class="accordion mt-4">
  <div class="card">
    <div class="card-header" role="tab">
      <div class="card-title">
        <div class="node" id="2"><span class="badge log fail-bg mr-2">Fail</span>Social hyperlinks validation</div>
      </div>
    </div>
        <div class="">
          <div class="card-body">
              <div class="step fail-bg" title="BEFORE">
                <span>com.rishi.pw.test.stepdefinitions.Hooks.launchApp(io.cucumber.java.Scenario)</span>
      <div>
        <textarea disabled class="code-block">com.microsoft.playwright.PlaywrightException: Cannot find object to call __adopt__: browser-context@8ffe29615d9ae4c481a7d54932a834a9
	at com.microsoft.playwright.impl.Connection.dispatch(Connection.java:279)
	at com.microsoft.playwright.impl.Connection.processOneMessage(Connection.java:214)
	at com.microsoft.playwright.impl.ChannelOwner.runUntil(ChannelOwner.java:136)
	at com.microsoft.playwright.impl.Connection.sendMessage(Connection.java:131)
	at com.microsoft.playwright.impl.ChannelOwner.sendMessage(ChannelOwner.java:124)
	at com.microsoft.playwright.impl.BrowserImpl.newContext(BrowserImpl.java:174)
	at com.microsoft.playwright.impl.BrowserImpl.newContext(BrowserImpl.java:34)
	at com.rishi.pw.utils.DriverSetup.launchBrowser(DriverSetup.java:31)
	at com.rishi.pw.test.stepdefinitions.Hooks.launchApp(Hooks.java:25)
</textarea>
      
      </div>
              </div>
              <div class="step skip-bg" title="com.rishi.pw.test.stepdefinitions.Hooks.the_user_initialises_test_dependencies_and_launches_the_flipkart_application()">
                <span>Given the user initialises test dependencies and launches the Flipkart application</span>
      <div>Step skipped
      </div>
              </div>
              <div class="step skip-bg" title="com.rishi.pw.test.stepdefinitions.HomeDefinition.the_user_scrolls_to_the_footer_of_the_application_home_page()">
                <span>When the user scrolls to the footer of the application home page</span>
      <div>Step skipped
      </div>
              </div>
              <div class="step skip-bg" title="com.rishi.pw.test.stepdefinitions.HomeDefinition.the_user_finds_social_hyperlinks_of_platforms(java.lang.String)">
                <span>Then the user finds social hyperlinks of platforms "Facebook, Twitter, YouTube, Instagram"</span>
      <div>Step skipped
      </div>
              </div>
              <div class="step fail-bg" title="AFTER">
                <span>com.rishi.pw.test.stepdefinitions.Hooks.cleanUpResources(io.cucumber.java.Scenario)</span>
      <div>
        <textarea disabled class="code-block">java.lang.NullPointerException: Cannot invoke "com.aventstack.extentreports.ExtentTest.log(com.aventstack.extentreports.Status, String, com.aventstack.extentreports.model.Media)" because "com.rishi.pw.utils.ExtentReportManager.test" is null
	at com.rishi.pw.utils.ExtentReportManager.failLogWithSS(ExtentReportManager.java:33)
	at com.rishi.pw.test.stepdefinitions.Hooks.cleanUpResources(Hooks.java:41)
</textarea>
      
      </div>
              </div>
          </div>
        </div>
  </div>
  <div class="card">
    <div class="card-header" role="tab">
      <div class="card-title">
        <div class="node" id="3"><span class="badge log fail-bg mr-2">Fail</span>Search functionality validation</div>
      </div>
    </div>
        <div class="scenario_outline ">
            <div class="card-body l1">
              <div class="card-header">
                <div class="card-title outline-child">
                  <div class="node" id="4"><span class="badge log fail-bg mr-2">Fail</span>Search functionality validation</div>
                </div>
              </div>
              <div class="card-body mt-3 ">
                  <div class="step fail-bg">
                    <span>com.rishi.pw.test.stepdefinitions.Hooks.launchApp(io.cucumber.java.Scenario)</span>
      <div>
        <textarea disabled class="code-block">com.microsoft.playwright.PlaywrightException: Cannot find object to call __adopt__: browser-context@42bd332aa71d31985c10cb10a1a7b19e
	at com.microsoft.playwright.impl.Connection.dispatch(Connection.java:279)
	at com.microsoft.playwright.impl.Connection.processOneMessage(Connection.java:214)
	at com.microsoft.playwright.impl.ChannelOwner.runUntil(ChannelOwner.java:136)
	at com.microsoft.playwright.impl.Connection.sendMessage(Connection.java:131)
	at com.microsoft.playwright.impl.ChannelOwner.sendMessage(ChannelOwner.java:124)
	at com.microsoft.playwright.impl.BrowserImpl.newContext(BrowserImpl.java:174)
	at com.microsoft.playwright.impl.BrowserImpl.newContext(BrowserImpl.java:34)
	at com.rishi.pw.utils.DriverSetup.launchBrowser(DriverSetup.java:31)
	at com.rishi.pw.test.stepdefinitions.Hooks.launchApp(Hooks.java:25)
</textarea>
      
      </div>
                  </div>
                  <div class="step skip-bg">
                    <span>Given the user initialises test dependencies and launches the Flipkart application</span>
      <div>Step skipped
      </div>
                  </div>
                  <div class="step skip-bg">
                    <span>When the user searches "mobile under 10000" in the search box and hits the search button</span>
      <div>Step skipped
      </div>
                  </div>
                  <div class="step skip-bg">
                    <span>Then the user is able relevant results "mobile under 10000"</span>
      <div>Step skipped
      </div>
                  </div>
                  <div class="step fail-bg">
                    <span>com.rishi.pw.test.stepdefinitions.Hooks.cleanUpResources(io.cucumber.java.Scenario)</span>
      <div>
        <textarea disabled class="code-block">java.lang.NullPointerException: Cannot invoke "com.aventstack.extentreports.ExtentTest.log(com.aventstack.extentreports.Status, String, com.aventstack.extentreports.model.Media)" because "com.rishi.pw.utils.ExtentReportManager.test" is null
	at com.rishi.pw.utils.ExtentReportManager.failLogWithSS(ExtentReportManager.java:33)
	at com.rishi.pw.test.stepdefinitions.Hooks.cleanUpResources(Hooks.java:41)
</textarea>
      
      </div>
                  </div>
              </div>
            </div>
            <div class="card-body l1">
              <div class="card-header">
                <div class="card-title outline-child">
                  <div class="node" id="6"><span class="badge log fail-bg mr-2">Fail</span>Search functionality validation</div>
                </div>
              </div>
              <div class="card-body mt-3 ">
                  <div class="step fail-bg">
                    <span>com.rishi.pw.test.stepdefinitions.Hooks.launchApp(io.cucumber.java.Scenario)</span>
      <div>
        <textarea disabled class="code-block">com.microsoft.playwright.PlaywrightException: Cannot find object to call __adopt__: request-context@ad94b5097fc705fa2b8b9319830f7648
	at com.microsoft.playwright.impl.Connection.dispatch(Connection.java:279)
	at com.microsoft.playwright.impl.Connection.processOneMessage(Connection.java:214)
	at com.microsoft.playwright.impl.ChannelOwner.runUntil(ChannelOwner.java:136)
	at com.microsoft.playwright.impl.Connection.sendMessage(Connection.java:131)
	at com.microsoft.playwright.impl.ChannelOwner.sendMessage(ChannelOwner.java:124)
	at com.microsoft.playwright.impl.BrowserImpl.newContext(BrowserImpl.java:174)
	at com.microsoft.playwright.impl.BrowserImpl.newContext(BrowserImpl.java:34)
	at com.rishi.pw.utils.DriverSetup.launchBrowser(DriverSetup.java:31)
	at com.rishi.pw.test.stepdefinitions.Hooks.launchApp(Hooks.java:25)
</textarea>
      
      </div>
                  </div>
                  <div class="step skip-bg">
                    <span>Given the user initialises test dependencies and launches the Flipkart application</span>
      <div>Step skipped
      </div>
                  </div>
                  <div class="step skip-bg">
                    <span>When the user searches "tv under 30000" in the search box and hits the search button</span>
      <div>Step skipped
      </div>
                  </div>
                  <div class="step skip-bg">
                    <span>Then the user is able relevant results "tv under 30000"</span>
      <div>Step skipped
      </div>
                  </div>
                  <div class="step fail-bg">
                    <span>com.rishi.pw.test.stepdefinitions.Hooks.cleanUpResources(io.cucumber.java.Scenario)</span>
      <div>
        <textarea disabled class="code-block">java.lang.NullPointerException: Cannot invoke "com.aventstack.extentreports.ExtentTest.log(com.aventstack.extentreports.Status, String, com.aventstack.extentreports.model.Media)" because "com.rishi.pw.utils.ExtentReportManager.test" is null
	at com.rishi.pw.utils.ExtentReportManager.failLogWithSS(ExtentReportManager.java:33)
	at com.rishi.pw.test.stepdefinitions.Hooks.cleanUpResources(Hooks.java:41)
</textarea>
      
      </div>
                  </div>
              </div>
            </div>
            <div class="card-body l1">
              <div class="card-header">
                <div class="card-title outline-child">
                  <div class="node" id="7"><span class="badge log fail-bg mr-2">Fail</span>Search functionality validation</div>
                </div>
              </div>
              <div class="card-body mt-3 ">
                  <div class="step fail-bg">
                    <span>com.rishi.pw.test.stepdefinitions.Hooks.launchApp(io.cucumber.java.Scenario)</span>
      <div>
        <textarea disabled class="code-block">com.microsoft.playwright.PlaywrightException: Cannot find object to call __adopt__: request-context@7e4c784766c97e81f7ba657b132ae7e4
	at com.microsoft.playwright.impl.Connection.dispatch(Connection.java:279)
	at com.microsoft.playwright.impl.Connection.processOneMessage(Connection.java:214)
	at com.microsoft.playwright.impl.ChannelOwner.runUntil(ChannelOwner.java:136)
	at com.microsoft.playwright.impl.Connection.sendMessage(Connection.java:131)
	at com.microsoft.playwright.impl.ChannelOwner.sendMessage(ChannelOwner.java:124)
	at com.microsoft.playwright.impl.BrowserImpl.newContext(BrowserImpl.java:174)
	at com.microsoft.playwright.impl.BrowserImpl.newContext(BrowserImpl.java:34)
	at com.rishi.pw.utils.DriverSetup.launchBrowser(DriverSetup.java:31)
	at com.rishi.pw.test.stepdefinitions.Hooks.launchApp(Hooks.java:25)
</textarea>
      
      </div>
                  </div>
                  <div class="step skip-bg">
                    <span>Given the user initialises test dependencies and launches the Flipkart application</span>
      <div>Step skipped
      </div>
                  </div>
                  <div class="step skip-bg">
                    <span>When the user searches "laptop under 50000" in the search box and hits the search button</span>
      <div>Step skipped
      </div>
                  </div>
                  <div class="step skip-bg">
                    <span>Then the user is able relevant results "laptop under 50000"</span>
      <div>Step skipped
      </div>
                  </div>
                  <div class="step fail-bg">
                    <span>com.rishi.pw.test.stepdefinitions.Hooks.cleanUpResources(io.cucumber.java.Scenario)</span>
      <div>
        <textarea disabled class="code-block">java.lang.NullPointerException: Cannot invoke "com.aventstack.extentreports.ExtentTest.log(com.aventstack.extentreports.Status, String, com.aventstack.extentreports.model.Media)" because "com.rishi.pw.utils.ExtentReportManager.test" is null
	at com.rishi.pw.utils.ExtentReportManager.failLogWithSS(ExtentReportManager.java:33)
	at com.rishi.pw.test.stepdefinitions.Hooks.cleanUpResources(Hooks.java:41)
</textarea>
      
      </div>
                  </div>
              </div>
            </div>
        </div>
  </div>
  <div class="card">
    <div class="card-header" role="tab">
      <div class="card-title">
        <div class="node" id="5"><span class="badge log fail-bg mr-2">Fail</span>Footer link validation</div>
      </div>
    </div>
        <div class="">
          <div class="card-body">
              <div class="step fail-bg" title="BEFORE">
                <span>com.rishi.pw.test.stepdefinitions.Hooks.launchApp(io.cucumber.java.Scenario)</span>
      <div>
        <textarea disabled class="code-block">com.microsoft.playwright.PlaywrightException: Cannot find object to call __adopt__: request-context@64edd57e088bccc2fe78f1190aec6260
	at com.microsoft.playwright.impl.Connection.dispatch(Connection.java:279)
	at com.microsoft.playwright.impl.Connection.processOneMessage(Connection.java:214)
	at com.microsoft.playwright.impl.ChannelOwner.runUntil(ChannelOwner.java:136)
	at com.microsoft.playwright.impl.Connection.sendMessage(Connection.java:131)
	at com.microsoft.playwright.impl.ChannelOwner.sendMessage(ChannelOwner.java:124)
	at com.microsoft.playwright.impl.BrowserImpl.newContext(BrowserImpl.java:174)
	at com.microsoft.playwright.impl.BrowserImpl.newContext(BrowserImpl.java:34)
	at com.rishi.pw.utils.DriverSetup.launchBrowser(DriverSetup.java:31)
	at com.rishi.pw.test.stepdefinitions.Hooks.launchApp(Hooks.java:25)
</textarea>
      
      </div>
              </div>
              <div class="step skip-bg" title="com.rishi.pw.test.stepdefinitions.Hooks.the_user_initialises_test_dependencies_and_launches_the_flipkart_application()">
                <span>Given the user initialises test dependencies and launches the Flipkart application</span>
      <div>Step skipped
      </div>
              </div>
              <div class="step skip-bg" title="com.rishi.pw.test.stepdefinitions.HomeDefinition.the_user_scrolls_to_the_footer_of_the_application_home_page()">
                <span>When the user scrolls to the footer of the application home page</span>
      <div>Step skipped
      </div>
              </div>
              <div class="step skip-bg" title="com.rishi.pw.test.stepdefinitions.HomeDefinition.the_user_can_find_footer_links(java.lang.String)">
                <span>Then the user can find "21" footer links</span>
      <div>Step skipped
      </div>
              </div>
              <div class="step fail-bg" title="AFTER">
                <span>com.rishi.pw.test.stepdefinitions.Hooks.cleanUpResources(io.cucumber.java.Scenario)</span>
      <div>
        <textarea disabled class="code-block">java.lang.NullPointerException: Cannot invoke "com.aventstack.extentreports.ExtentTest.log(com.aventstack.extentreports.Status, String, com.aventstack.extentreports.model.Media)" because "com.rishi.pw.utils.ExtentReportManager.test" is null
	at com.rishi.pw.utils.ExtentReportManager.failLogWithSS(ExtentReportManager.java:33)
	at com.rishi.pw.test.stepdefinitions.Hooks.cleanUpResources(Hooks.java:41)
</textarea>
      
      </div>
              </div>
          </div>
        </div>
  </div>
</div>
          </div>
        </li>
        <li class="test-item"  status="fail" test-id="8"
          author=""
          tag=""
          device="">
          <div class="test-detail">
            <p class="name">Login page features for Flipkart Application</p>
            <p class="text-sm">
              <span>10:07:24 pm</span> / <span>00:00:00:148</span>
              <span class="badge fail-bg log float-right">Fail</span>
            </p>
          </div>
          <div class="test-contents d-none">
<div class="detail-head">
<div class="p-v-10">
<div class="info">
<h5 class="test-status text-fail">Login page features for Flipkart Application</h5>
<span class='badge badge-success'>02.08.2026 10:07:24 pm</span>
<span class='badge badge-danger'>02.08.2026 10:07:25 pm</span>
<span class='badge badge-default'>00:00:00:148</span>
&middot; <span class='uri-anchor badge badge-default'>#test-id=8</span>
<span title='Skip to the next failed step' class='badge badge-danger pointer float-right ne ml-1'><i class="fa fa-fast-forward"></i></span>
<span title='Collapse all nodes' class='badge badge-default pointer float-right ct ml-1'><i class="fa fa-compress"></i></span>
<span title='Expand all nodes' class='badge badge-default pointer float-right et'><i class="fa fa-expand"></i></span>
</div>
<div class="m-t-10 m-l-5"></div>
</div>
</div>
<div class="accordion mt-4">
  <div class="card">
    <div class="card-header" role="tab">
      <div class="card-title">
        <div class="node" id="9"><span class="badge log fail-bg mr-2">Fail</span>Login page hyperlink redirection validation</div>
      </div>
    </div>
        <div class="scenario_outline ">
            <div class="card-body l1">
              <div class="card-header">
                <div class="card-title outline-child">
                  <div class="node" id="10"><span class="badge log fail-bg mr-2">Fail</span>Login page hyperlink redirection validation</div>
                </div>
              </div>
              <div class="card-body mt-3 ">
                  <div class="step fail-bg">
                    <span>com.rishi.pw.test.stepdefinitions.Hooks.launchApp(io.cucumber.java.Scenario)</span>
      <div>
        <textarea disabled class="code-block">com.microsoft.playwright.PlaywrightException: Cannot find command to respond: 4
	at com.microsoft.playwright.impl.Connection.dispatch(Connection.java:246)
	at com.microsoft.playwright.impl.Connection.processOneMessage(Connection.java:214)
	at com.microsoft.playwright.impl.ChannelOwner.runUntil(ChannelOwner.java:136)
	at com.microsoft.playwright.impl.Connection.sendMessage(Connection.java:131)
	at com.microsoft.playwright.impl.ChannelOwner.sendMessage(ChannelOwner.java:124)
	at com.microsoft.playwright.impl.ChannelOwner.sendMessage(ChannelOwner.java:114)
	at com.microsoft.playwright.impl.BrowserContextImpl.newPage(BrowserContextImpl.java:433)
	at com.microsoft.playwright.impl.BrowserContextImpl.newPage(BrowserContextImpl.java:43)
	at com.rishi.pw.utils.DriverSetup.launchBrowser(DriverSetup.java:35)
	at com.rishi.pw.test.stepdefinitions.Hooks.launchApp(Hooks.java:25)
</textarea>
      
      </div>
                  </div>
                  <div class="step skip-bg">
                    <span>Given the user initialises test dependencies and launches the Flipkart application</span>
      <div>Step skipped
      </div>
                  </div>
                  <div class="step skip-bg">
                    <span>When user click on the Login button</span>
      <div>Step skipped
      </div>
                  </div>
                  <div class="step skip-bg">
                    <span>Then user clicks on the "privacy" hyperlink</span>
      <div>Step skipped
      </div>
                  </div>
                  <div class="step skip-bg">
                    <span>Then user finds the page title contains "privacy"</span>
      <div>Step skipped
      </div>
                  </div>
                  <div class="step fail-bg">
                    <span>com.rishi.pw.test.stepdefinitions.Hooks.cleanUpResources(io.cucumber.java.Scenario)</span>
      <div>
        <textarea disabled class="code-block">java.lang.NullPointerException: Cannot invoke "com.aventstack.extentreports.ExtentTest.log(com.aventstack.extentreports.Status, String, com.aventstack.extentreports.model.Media)" because "com.rishi.pw.utils.ExtentReportManager.test" is null
	at com.rishi.pw.utils.ExtentReportManager.failLogWithSS(ExtentReportManager.java:33)
	at com.rishi.pw.test.stepdefinitions.Hooks.cleanUpResources(Hooks.java:41)
</textarea>
      
      </div>
                  </div>
              </div>
            </div>
            <div class="card-body l1">
              <div class="card-header">
                <div class="card-title outline-child">
                  <div class="node" id="13"><span class="badge log fail-bg mr-2">Fail</span>Login page hyperlink redirection validation</div>
                </div>
              </div>
              <div class="card-body mt-3 ">
                  <div class="step fail-bg">
                    <span>com.rishi.pw.test.stepdefinitions.Hooks.launchApp(io.cucumber.java.Scenario)</span>
      <div>
        <textarea disabled class="code-block">com.microsoft.playwright.PlaywrightException: Cannot find object to call __adopt__: browser-context@8ffe29615d9ae4c481a7d54932a834a9
	at com.microsoft.playwright.impl.Connection.dispatch(Connection.java:279)
	at com.microsoft.playwright.impl.Connection.processOneMessage(Connection.java:214)
	at com.microsoft.playwright.impl.ChannelOwner.runUntil(ChannelOwner.java:136)
	at com.microsoft.playwright.impl.Connection.sendMessage(Connection.java:131)
	at com.microsoft.playwright.impl.ChannelOwner.sendMessage(ChannelOwner.java:124)
	at com.microsoft.playwright.impl.BrowserImpl.newContext(BrowserImpl.java:174)
	at com.microsoft.playwright.impl.BrowserImpl.newContext(BrowserImpl.java:34)
	at com.rishi.pw.utils.DriverSetup.launchBrowser(DriverSetup.java:31)
	at com.rishi.pw.test.stepdefinitions.Hooks.launchApp(Hooks.java:25)
</textarea>
      
      </div>
                  </div>
                  <div class="step skip-bg">
                    <span>Given the user initialises test dependencies and launches the Flipkart application</span>
      <div>Step skipped
      </div>
                  </div>
                  <div class="step skip-bg">
                    <span>When user click on the Login button</span>
      <div>Step skipped
      </div>
                  </div>
                  <div class="step skip-bg">
                    <span>Then user clicks on the "terms" hyperlink</span>
      <div>Step skipped
      </div>
                  </div>
                  <div class="step skip-bg">
                    <span>Then user finds the page title contains "terms"</span>
      <div>Step skipped
      </div>
                  </div>
                  <div class="step fail-bg">
                    <span>com.rishi.pw.test.stepdefinitions.Hooks.cleanUpResources(io.cucumber.java.Scenario)</span>
      <div>
        <textarea disabled class="code-block">java.lang.NullPointerException: Cannot invoke "com.aventstack.extentreports.ExtentTest.log(com.aventstack.extentreports.Status, String, com.aventstack.extentreports.model.Media)" because "com.rishi.pw.utils.ExtentReportManager.test" is null
	at com.rishi.pw.utils.ExtentReportManager.failLogWithSS(ExtentReportManager.java:33)
	at com.rishi.pw.test.stepdefinitions.Hooks.cleanUpResources(Hooks.java:41)
</textarea>
      
      </div>
                  </div>
              </div>
            </div>
        </div>
  </div>
  <div class="card">
    <div class="card-header" role="tab">
      <div class="card-title">
        <div class="node" id="11"><span class="badge log fail-bg mr-2">Fail</span>Invalid login validation</div>
      </div>
    </div>
        <div class="">
          <div class="card-body">
              <div class="step fail-bg" title="BEFORE">
                <span>com.rishi.pw.test.stepdefinitions.Hooks.launchApp(io.cucumber.java.Scenario)</span>
      <div>
        <textarea disabled class="code-block">com.microsoft.playwright.PlaywrightException: Object doesn't exist: browser-context@8ffe29615d9ae4c481a7d54932a834a9
	at com.microsoft.playwright.impl.Connection.getExistingObject(Connection.java:195)
	at com.microsoft.playwright.impl.BrowserImpl.handleEvent(BrowserImpl.java:242)
	at com.microsoft.playwright.impl.Connection.dispatch(Connection.java:295)
	at com.microsoft.playwright.impl.Connection.processOneMessage(Connection.java:214)
	at com.microsoft.playwright.impl.ChannelOwner.runUntil(ChannelOwner.java:136)
	at com.microsoft.playwright.impl.Connection.sendMessage(Connection.java:131)
	at com.microsoft.playwright.impl.ChannelOwner.sendMessage(ChannelOwner.java:124)
	at com.microsoft.playwright.impl.BrowserImpl.newContext(BrowserImpl.java:174)
	at com.microsoft.playwright.impl.BrowserImpl.newContext(BrowserImpl.java:34)
	at com.rishi.pw.utils.DriverSetup.launchBrowser(DriverSetup.java:31)
	at com.rishi.pw.test.stepdefinitions.Hooks.launchApp(Hooks.java:25)
</textarea>
      
      </div>
              </div>
              <div class="step skip-bg" title="com.rishi.pw.test.stepdefinitions.Hooks.the_user_initialises_test_dependencies_and_launches_the_flipkart_application()">
                <span>Given the user initialises test dependencies and launches the Flipkart application</span>
      <div>Step skipped
      </div>
              </div>
              <div class="step skip-bg" title="com.rishi.pw.test.stepdefinitions.LoginDefinition.user_click_on_the_login_button()">
                <span>When user click on the Login button</span>
      <div>Step skipped
      </div>
              </div>
              <div class="step skip-bg" title="com.rishi.pw.test.stepdefinitions.LoginDefinition.user_enters_invalid_mobile_number(java.lang.String)">
                <span>Then user enters invalid mobile number "123456789"</span>
      <div>Step skipped
      </div>
              </div>
              <div class="step skip-bg" title="com.rishi.pw.test.stepdefinitions.LoginDefinition.user_should_see_an_error_message(java.lang.String)">
                <span>Then user should see an error message "Please enter valid Email ID/Mobile number"</span>
      <div>Step skipped
      </div>
              </div>
              <div class="step skip-bg" title="com.rishi.pw.test.stepdefinitions.LoginDefinition.user_clicks_on_the_flipkart_plus_hyperlink_and_gets_redirected_to_website(java.lang.String)">
                <span>Then user clicks on the Flipkart plus hyperlink and gets redirected to "https://www.flipkart.com/plus" website</span>
      <div>Step skipped
      </div>
              </div>
              <div class="step fail-bg" title="AFTER">
                <span>com.rishi.pw.test.stepdefinitions.Hooks.cleanUpResources(io.cucumber.java.Scenario)</span>
      <div>
        <textarea disabled class="code-block">java.lang.NullPointerException: Cannot invoke "com.aventstack.extentreports.ExtentTest.log(com.aventstack.extentreports.Status, String, com.aventstack.extentreports.model.Media)" because "com.rishi.pw.utils.ExtentReportManager.test" is null
	at com.rishi.pw.utils.ExtentReportManager.failLogWithSS(ExtentReportManager.java:33)
	at com.rishi.pw.test.stepdefinitions.Hooks.cleanUpResources(Hooks.java:41)
</textarea>
      
      </div>
              </div>
          </div>
        </div>
  </div>
</div>
          </div>
        </li>
      </ul>
    </div>
  </div>
<div class="test-content scrollable">
<div class="test-content-tools">
<ul><li><a class="back-to-test" href="#"><i class="fa fa-arrow-left"></i></a></li></ul>
</div>
<div class="test-content-detail"><div class="detail-body"></div></div>
</div></div>
<div class="test-wrapper row view exception-view attributes-view">
<div class="test-list">
<div class="test-list-tools">
<ul class="tools pull-left"><li><a href=""><span class="font-size-14">Exception</span></a></li></ul>
<ul class="tools text-right"><li><a href="#"><span class="badge badge-primary">2</span></a></li></ul>
</div>
<div class="test-list-wrapper scrollable">
<ul class="test-list-item">
<li class="test-item">
<div class="test-detail">
<span class="meta">
<span class='badge log badge-danger'>8</span>
</span>
<p class="name">com.microsoft.playwright.PlaywrightException</p>
<p class="duration text-sm">8 tests</p>
</div>
<div class="test-contents d-none">
<div class="info">
<h4>com.microsoft.playwright.PlaywrightException</h4>
<span status="fail" class='badge log badge-danger'>8 failed</span>
</div>
<table class='table table-sm mt-4'>
<thead>
<tr>
<th class="status-col">Status</th>
<th class="timestamp-col">Timestamp</th>
<th>TestName</th>
</tr>
</thead>
<tbody>
<tr class="tag-test-status" status="fail">
<td><span class="badge log fail-bg">Fail</span></td>
<td>22:07:24 pm</td>
<td>
<a href="#" class="linked" test-id='1' id='15'>com.rishi.pw.test.stepdefinitions.Hooks.launchApp(io.cucumber.java.Scenario)</a>
<div class="">
<span class="badge badge-default">Homepage features for Flipkart Application.Footer link validation.com.rishi.pw.test.stepdefinitions.Hooks.launchApp(io.cucumber.java.Scenario)</span>
</div>
</td>
</tr>
<tr class="tag-test-status" status="fail">
<td><span class="badge log fail-bg">Fail</span></td>
<td>22:07:24 pm</td>
<td>
<a href="#" class="linked" test-id='8' id='20'>com.rishi.pw.test.stepdefinitions.Hooks.launchApp(io.cucumber.java.Scenario)</a>
<div class="">
<span class="badge badge-default">Login page features for Flipkart Application.Login page hyperlink redirection validation.com.rishi.pw.test.stepdefinitions.Hooks.launchApp(io.cucumber.java.Scenario)</span>
</div>
</td>
</tr>
<tr class="tag-test-status" status="fail">
<td><span class="badge log fail-bg">Fail</span></td>
<td>22:07:24 pm</td>
<td>
<a href="#" class="linked" test-id='8' id='18'>com.rishi.pw.test.stepdefinitions.Hooks.launchApp(io.cucumber.java.Scenario)</a>
<div class="">
<span class="badge badge-default">Login page features for Flipkart Application.Invalid login validation.com.rishi.pw.test.stepdefinitions.Hooks.launchApp(io.cucumber.java.Scenario)</span>
</div>
</td>
</tr>
<tr class="tag-test-status" status="fail">
<td><span class="badge log fail-bg">Fail</span></td>
<td>22:07:24 pm</td>
<td>
<a href="#" class="linked" test-id='1' id='16'>com.rishi.pw.test.stepdefinitions.Hooks.launchApp(io.cucumber.java.Scenario)</a>
<div class="">
<span class="badge badge-default">Homepage features for Flipkart Application.Search functionality validation.com.rishi.pw.test.stepdefinitions.Hooks.launchApp(io.cucumber.java.Scenario)</span>
</div>
</td>
</tr>
<tr class="tag-test-status" status="fail">
<td><span class="badge log fail-bg">Fail</span></td>
<td>22:07:24 pm</td>
<td>
<a href="#" class="linked" test-id='1' id='14'>com.rishi.pw.test.stepdefinitions.Hooks.launchApp(io.cucumber.java.Scenario)</a>
<div class="">
<span class="badge badge-default">Homepage features for Flipkart Application.Search functionality validation.com.rishi.pw.test.stepdefinitions.Hooks.launchApp(io.cucumber.java.Scenario)</span>
</div>
</td>
</tr>
<tr class="tag-test-status" status="fail">
<td><span class="badge log fail-bg">Fail</span></td>
<td>22:07:24 pm</td>
<td>
<a href="#" class="linked" test-id='1' id='12'>com.rishi.pw.test.stepdefinitions.Hooks.launchApp(io.cucumber.java.Scenario)</a>
<div class="">
<span class="badge badge-default">Homepage features for Flipkart Application.Social hyperlinks validation.com.rishi.pw.test.stepdefinitions.Hooks.launchApp(io.cucumber.java.Scenario)</span>
</div>
</td>
</tr>
<tr class="tag-test-status" status="fail">
<td><span class="badge log fail-bg">Fail</span></td>
<td>22:07:24 pm</td>
<td>
<a href="#" class="linked" test-id='1' id='19'>com.rishi.pw.test.stepdefinitions.Hooks.launchApp(io.cucumber.java.Scenario)</a>
<div class="">
<span class="badge badge-default">Homepage features for Flipkart Application.Search functionality validation.com.rishi.pw.test.stepdefinitions.Hooks.launchApp(io.cucumber.java.Scenario)</span>
</div>
</td>
</tr>
<tr class="tag-test-status" status="fail">
<td><span class="badge log fail-bg">Fail</span></td>
<td>22:07:24 pm</td>
<td>
<a href="#" class="linked" test-id='8' id='17'>com.rishi.pw.test.stepdefinitions.Hooks.launchApp(io.cucumber.java.Scenario)</a>
<div class="">
<span class="badge badge-default">Login page features for Flipkart Application.Login page hyperlink redirection validation.com.rishi.pw.test.stepdefinitions.Hooks.launchApp(io.cucumber.java.Scenario)</span>
</div>
</td>
</tr>
</tbody>
</table>
</div>
</li>
<li class="test-item">
<div class="test-detail">
<span class="meta">
<span class='badge log badge-danger'>8</span>
</span>
<p class="name">java.lang.NullPointerException</p>
<p class="duration text-sm">8 tests</p>
</div>
<div class="test-contents d-none">
<div class="info">
<h4>java.lang.NullPointerException</h4>
<span status="fail" class='badge log badge-danger'>8 failed</span>
</div>
<table class='table table-sm mt-4'>
<thead>
<tr>
<th class="status-col">Status</th>
<th class="timestamp-col">Timestamp</th>
<th>TestName</th>
</tr>
</thead>
<tbody>
<tr class="tag-test-status" status="fail">
<td><span class="badge log fail-bg">Fail</span></td>
<td>22:07:25 pm</td>
<td>
<a href="#" class="linked" test-id='1' id='45'>com.rishi.pw.test.stepdefinitions.Hooks.cleanUpResources(io.cucumber.java.Scenario)</a>
<div class="">
<span class="badge badge-default">Homepage features for Flipkart Application.Social hyperlinks validation.com.rishi.pw.test.stepdefinitions.Hooks.cleanUpResources(io.cucumber.java.Scenario)</span>
</div>
</td>
</tr>
<tr class="tag-test-status" status="fail">
<td><span class="badge log fail-bg">Fail</span></td>
<td>22:07:25 pm</td>
<td>
<a href="#" class="linked" test-id='1' id='37'>com.rishi.pw.test.stepdefinitions.Hooks.cleanUpResources(io.cucumber.java.Scenario)</a>
<div class="">
<span class="badge badge-default">Homepage features for Flipkart Application.Footer link validation.com.rishi.pw.test.stepdefinitions.Hooks.cleanUpResources(io.cucumber.java.Scenario)</span>
</div>
</td>
</tr>
<tr class="tag-test-status" status="fail">
<td><span class="badge log fail-bg">Fail</span></td>
<td>22:07:25 pm</td>
<td>
<a href="#" class="linked" test-id='8' id='55'>com.rishi.pw.test.stepdefinitions.Hooks.cleanUpResources(io.cucumber.java.Scenario)</a>
<div class="">
<span class="badge badge-default">Login page features for Flipkart Application.Login page hyperlink redirection validation.com.rishi.pw.test.stepdefinitions.Hooks.cleanUpResources(io.cucumber.java.Scenario)</span>
</div>
</td>
</tr>
<tr class="tag-test-status" status="fail">
<td><span class="badge log fail-bg">Fail</span></td>
<td>22:07:25 pm</td>
<td>
<a href="#" class="linked" test-id='1' id='48'>com.rishi.pw.test.stepdefinitions.Hooks.cleanUpResources(io.cucumber.java.Scenario)</a>
<div class="">
<span class="badge badge-default">Homepage features for Flipkart Application.Search functionality validation.com.rishi.pw.test.stepdefinitions.Hooks.cleanUpResources(io.cucumber.java.Scenario)</span>
</div>
</td>
</tr>
<tr class="tag-test-status" status="fail">
<td><span class="badge log fail-bg">Fail</span></td>
<td>22:07:25 pm</td>
<td>
<a href="#" class="linked" test-id='1' id='51'>com.rishi.pw.test.stepdefinitions.Hooks.cleanUpResources(io.cucumber.java.Scenario)</a>
<div class="">
<span class="badge badge-default">Homepage features for Flipkart Application.Search functionality validation.com.rishi.pw.test.stepdefinitions.Hooks.cleanUpResources(io.cucumber.java.Scenario)</span>
</div>
</td>
</tr>
<tr class="tag-test-status" status="fail">
<td><span class="badge log fail-bg">Fail</span></td>
<td>22:07:25 pm</td>
<td>
<a href="#" class="linked" test-id='8' id='47'>com.rishi.pw.test.stepdefinitions.Hooks.cleanUpResources(io.cucumber.java.Scenario)</a>
<div class="">
<span class="badge badge-default">Login page features for Flipkart Application.Invalid login validation.com.rishi.pw.test.stepdefinitions.Hooks.cleanUpResources(io.cucumber.java.Scenario)</span>
</div>
</td>
</tr>
<tr class="tag-test-status" status="fail">
<td><span class="badge log fail-bg">Fail</span></td>
<td>22:07:25 pm</td>
<td>
<a href="#" class="linked" test-id='1' id='54'>com.rishi.pw.test.stepdefinitions.Hooks.cleanUpResources(io.cucumber.java.Scenario)</a>
<div class="">
<span class="badge badge-default">Homepage features for Flipkart Application.Search functionality validation.com.rishi.pw.test.stepdefinitions.Hooks.cleanUpResources(io.cucumber.java.Scenario)</span>
</div>
</td>
</tr>
<tr class="tag-test-status" status="fail">
<td><span class="badge log fail-bg">Fail</span></td>
<td>22:07:25 pm</td>
<td>
<a href="#" class="linked" test-id='8' id='56'>com.rishi.pw.test.stepdefinitions.Hooks.cleanUpResources(io.cucumber.java.Scenario)</a>
<div class="">
<span class="badge badge-default">Login page features for Flipkart Application.Login page hyperlink redirection validation.com.rishi.pw.test.stepdefinitions.Hooks.cleanUpResources(io.cucumber.java.Scenario)</span>
</div>
</td>
</tr>
</tbody>
</table>
</div>
</li>
</ul>
</div>
</div>
<div class="test-content scrollable">
<div class="test-content-detail">
<div class="detail-body"></div>
</div>
</div>
</div><div class="container-fluid p-4 view dashboard-view">
<div class="row">
<div class="col-md-3">
<div class="card"><div class="card-body">
<p class="m-b-0">Started</p>
<h3>Feb 8, 2026 10:07:06 pm</h3>
</div></div>
</div>
<div class="col-md-3">
<div class="card"><div class="card-body">
<p class="m-b-0">Ended</p>
<h3>Feb 8, 2026 10:07:25 pm</h3>
</div></div>
</div>
<div class="col-md-3">
<div class="card"><div class="card-body">
<p class="m-b-0 text-pass">Features Passed</p>
<h3>0</h3>
</div></div>
</div>
<div class="col-md-3">
<div class="card"><div class="card-body">
<p class="m-b-0 text-fail">Features Failed</p>
<h3>2</h3>
</div></div>
</div>
</div>
<div class="row">
<div class="col-md-4">
<div class="card">
<div class="card-header">
<h6 class="card-title">Features</h6>
</div>
<div class="card-body">
<div class="">
<canvas id='parent-analysis' width='115' height='90'></canvas>
</div>
</div>
<div class="card-footer">
<div><small data-tooltip='0%'>
<b>0</b> features passed
</small>
</div>
<div>
<small data-tooltip='100%'><b>2</b> features failed,
<b>0</b> skipped, <b data-tooltip='0%'>0</b> others
</small>
</div>
</div>
</div>
</div>
<div class="col-md-4">
<div class="card">
<div class="card-header">
<h6 class="card-title">Scenarios</h6>
</div>
<div class="card-body">
<div class="">
<canvas id='child-analysis' width='115' height='90'></canvas>
</div>
</div>
<div class="card-footer">
<div><small data-tooltip='0%'><b>0</b> scenarios passed</small></div>
<div>
<small data-tooltip='100%'><b>8</b> scenarios failed,
<b>0</b> skipped, <b data-tooltip='%'>0</b> others
</small>
</div>
</div>
</div>
</div>
<div class="col-md-4">
<div class="card">
<div class="card-header">
<h6 class="card-title">Steps</h6>
</div>
<div class="card-body">
<div class="">
<canvas id='grandchild-analysis' width='115' height='90'></canvas>
</div>
</div>
<div class="card-footer">
<div><small data-tooltip='0%'><b>0</b> steps passed</small></div>
<div>
<small data-tooltip='36%'><b>16</b> steps failed,
<b>28</b> skipped, <b data-tooltip='%'>0</b> others
</small>
</div>
</div>
</div>
</div>
</div>
<div class="row"><div class="col-md-12">
<div class="card"><div class="card-header"><p>Timeline</p></div>
<div class="card-body pt-0"><div>
<canvas id="timeline" height="120"></canvas>
</div></div>
</div>
</div></div>
<script>
var timeline = {
"Homepage features for Flipkart Application":0.167,"Login page features for Flipkart Application":0.148
};
</script>
<div class="row">
<div class="col-lg-6 col-md-12 sysenv-container">
<div class="card">
<div class="card-header"><p>System/Environment</p></div>
<div class="card-body pb-0 pt-0"><table class="table table-sm table-bordered">
<thead><tr class="bg-gray"><th>Name</th><th>Value</th></tr></thead>
<tbody>
<tr>
<td>environment</td>
<td>QA</td>
</tr>
</tbody>
</table></div>
</div>
</div>
</div>
</div>
<script>
var statusGroup = {
parentCount: 5,
passParent: 0,
failParent: 2,
warningParent: 0,
skipParent: 0,
childCount: 5,
passChild: 0,
failChild: 8,
warningChild: 0,
skipChild: 0,
infoChild: 0,
grandChildCount: 5,
passGrandChild: 0,
failGrandChild: 16,
warningGrandChild: 0,
skipGrandChild: 28,
infoGrandChild: 0,
eventsCount: 5,
};
</script>        </div>
      </div>
    </div>
  </div>
<script src="https://cdn.jsdelivr.net/gh/extent-framework/extent-github-cdn@c05cd28cde1617b9d0c05a831daff6cb97fd9fd5/spark/js/spark-script.js"></script>
<script type="text/javascript"></script></body>
</html>