<!DOCTYPE html>

<html>
  <head>
  <meta charset='utf-8'>
  <title>TestNG reports</title>

    <link type="text/css" href="testng-reports1.css" rel="stylesheet" id="ultra" />
    <link type="text/css" href="testng-reports.css" rel="stylesheet" id="retro" disabled="false"/>
    <script type="text/javascript" src="jquery-3.6.0.min.js"></script>
    <script type="text/javascript" src="testng-reports.js"></script>
    <script type="text/javascript" src="https://www.google.com/jsapi"></script>
    <script type='text/javascript'>
      google.load('visualization', '1', {packages:['table']});
      google.setOnLoadCallback(drawTable);
      var suiteTableInitFunctions = new Array();
      var suiteTableData = new Array();
    </script>
    <!--
      <script type="text/javascript" src="jquery-ui/js/jquery-ui-1.8.16.custom.min.js"></script>
     -->
  </head>

  <body>    <div class="top-banner-root">
      <span class="top-banner-title-font">Test results</span>
      <button id="button" class="button">Switch Retro Theme</button> <!-- button -->
      <br/>
      <span class="top-banner-font-1">1 suite, 8 failed tests</span>
    </div> <!-- top-banner-root -->
    <div class="navigator-root">
      <div class="navigator-suite-header">
        <span>All suites</span>
        <a href="#" title="Collapse/expand all the suites" class="collapse-all-link">
          <img src="collapseall.gif" class="collapse-all-icon">
          </img> <!-- collapse-all-icon -->
        </a> <!-- collapse-all-link -->
      </div> <!-- navigator-suite-header -->
      <div class="suite">
        <div class="rounded-window">
          <div class="suite-header light-rounded-window-top">
            <a href="#" panel-name="suite-Suite" class="navigator-link">
              <span class="suite-name border-failed">Suite</span>
            </a> <!-- navigator-link -->
          </div> <!-- suite-header light-rounded-window-top -->
          <div class="navigator-suite-content">
            <div class="suite-section-title">
              <span>Info</span>
            </div> <!-- suite-section-title -->
            <div class="suite-section-content">
              <ul>
                <li>
                  <a href="#" panel-name="test-xml-Suite" class="navigator-link ">
                    <span>C:\Users\rishi\eclipse-workspace\Exploring-playwright_Java-Playwright-TestNG\playwright\test-suite.xml</span>
                  </a> <!-- navigator-link  -->
                </li>
                <li>
                  <a href="#" panel-name="testlist-Suite" class="navigator-link ">
                    <span class="test-stats">1 test</span>
                  </a> <!-- navigator-link  -->
                </li>
                <li>
                  <a href="#" panel-name="group-Suite" class="navigator-link ">
                    <span>1 group</span>
                  </a> <!-- navigator-link  -->
                </li>
                <li>
                  <a href="#" panel-name="times-Suite" class="navigator-link ">
                    <span>Times</span>
                  </a> <!-- navigator-link  -->
                </li>
                <li>
                  <a href="#" panel-name="reporter-Suite" class="navigator-link ">
                    <span>Reporter output</span>
                  </a> <!-- navigator-link  -->
                </li>
                <li>
                  <a href="#" panel-name="ignored-methods-Suite" class="navigator-link ">
                    <span>Ignored methods</span>
                  </a> <!-- navigator-link  -->
                </li>
                <li>
                  <a href="#" panel-name="chronological-Suite" class="navigator-link ">
                    <span>Chronological view</span>
                  </a> <!-- navigator-link  -->
                </li>
              </ul>
            </div> <!-- suite-section-content -->
            <div class="result-section">
              <div class="suite-section-title">
                <span>Results</span>
              </div> <!-- suite-section-title -->
              <div class="suite-section-content">
                <ul>
                  <li>
                    <span class="method-stats">8 methods, 8 failed,   </span>
                  </li>
                  <li>
                    <span class="method-list-title failed">Failed methods</span>
                    <span class="show-or-hide-methods failed">
                      <a href="#" panel-name="suite-Suite" class="hide-methods failed suite-Suite"> (hide)</a> <!-- hide-methods failed suite-Suite -->
                      <a href="#" panel-name="suite-Suite" class="show-methods failed suite-Suite"> (show)</a> <!-- show-methods failed suite-Suite -->
                    </span>
                    <div class="method-list-content failed suite-Suite">
                      <span>
                        <img src="failed.png" width="3%"/>
                        <a href="#" panel-name="suite-Suite" title="com.rishi.pw.test.runner.Runner" class="method navigator-link" hash-for-method="runScenario(&quot;Login page hyperlink redirection validation&quot;, &quot;Login page features for Flipkart Application&quot;)">runScenario("Login page hyperlink redirection validation", "Login page features for Flipkart Application")</a> <!-- method navigator-link -->
                      </span>
                      <br/>
                      <span>
                        <img src="failed.png" width="3%"/>
                        <a href="#" panel-name="suite-Suite" title="com.rishi.pw.test.runner.Runner" class="method navigator-link" hash-for-method="runScenario(&quot;Login page hyperlink redirection validation&quot;, &quot;Login page features for Flipkart Application&quot;)">runScenario("Login page hyperlink redirection validation", "Login page features for Flipkart Application")</a> <!-- method navigator-link -->
                      </span>
                      <br/>
                      <span>
                        <img src="failed.png" width="3%"/>
                        <a href="#" panel-name="suite-Suite" title="com.rishi.pw.test.runner.Runner" class="method navigator-link" hash-for-method="runScenario(&quot;Social hyperlinks validation&quot;, &quot;Homepage features for Flipkart Application&quot;)">runScenario("Social hyperlinks validation", "Homepage features for Flipkart Application")</a> <!-- method navigator-link -->
                      </span>
                      <br/>
                      <span>
                        <img src="failed.png" width="3%"/>
                        <a href="#" panel-name="suite-Suite" title="com.rishi.pw.test.runner.Runner" class="method navigator-link" hash-for-method="runScenario(&quot;Search functionality validation&quot;, &quot;Homepage features for Flipkart Application&quot;)">runScenario("Search functionality validation", "Homepage features for Flipkart Application")</a> <!-- method navigator-link -->
                      </span>
                      <br/>
                      <span>
                        <img src="failed.png" width="3%"/>
                        <a href="#" panel-name="suite-Suite" title="com.rishi.pw.test.runner.Runner" class="method navigator-link" hash-for-method="runScenario(&quot;Search functionality validation&quot;, &quot;Homepage features for Flipkart Application&quot;)">runScenario("Search functionality validation", "Homepage features for Flipkart Application")</a> <!-- method navigator-link -->
                      </span>
                      <br/>
                      <span>
                        <img src="failed.png" width="3%"/>
                        <a href="#" panel-name="suite-Suite" title="com.rishi.pw.test.runner.Runner" class="method navigator-link" hash-for-method="runScenario(&quot;Footer link validation&quot;, &quot;Homepage features for Flipkart Application&quot;)">runScenario("Footer link validation", "Homepage features for Flipkart Application")</a> <!-- method navigator-link -->
                      </span>
                      <br/>
                      <span>
                        <img src="failed.png" width="3%"/>
                        <a href="#" panel-name="suite-Suite" title="com.rishi.pw.test.runner.Runner" class="method navigator-link" hash-for-method="runScenario(&quot;Search functionality validation&quot;, &quot;Homepage features for Flipkart Application&quot;)">runScenario("Search functionality validation", "Homepage features for Flipkart Application")</a> <!-- method navigator-link -->
                      </span>
                      <br/>
                      <span>
                        <img src="failed.png" width="3%"/>
                        <a href="#" panel-name="suite-Suite" title="com.rishi.pw.test.runner.Runner" class="method navigator-link" hash-for-method="runScenario(&quot;Invalid login validation&quot;, &quot;Login page features for Flipkart Application&quot;)">runScenario("Invalid login validation", "Login page features for Flipkart Application")</a> <!-- method navigator-link -->
                      </span>
                      <br/>
                    </div> <!-- method-list-content failed suite-Suite -->
                  </li>
                </ul>
              </div> <!-- suite-section-content -->
            </div> <!-- result-section -->
          </div> <!-- navigator-suite-content -->
        </div> <!-- rounded-window -->
      </div> <!-- suite -->
    </div> <!-- navigator-root -->
    <div class="wrapper">
      <div class="main-panel-root">
        <div panel-name="suite-Suite" class="panel Suite">
          <div class="suite-Suite-class-failed">
            <div class="main-panel-header rounded-window-top">
              <img src="failed.png"/>
              <span class="class-name">com.rishi.pw.test.runner.Runner</span>
            </div> <!-- main-panel-header rounded-window-top -->
            <div class="main-panel-content rounded-window-bottom">
              <div class="method">
                <div class="method-content">
                  <a name="runScenario(&quot;Login page hyperlink redirection validation&quot;, &quot;Login page features for Flipkart Application&quot;)">
                  </a> <!-- runScenario("Login page hyperlink redirection validation", "Login page features for Flipkart Application") -->
                  <span class="method-name">runScenario</span>
                  <span class="parameters">("Login page hyperlink redirection validation","Login page features for Flipkart Application")</span>
                  <div class="stack-trace">com.microsoft.playwright.PlaywrightException: Cannot find object to call __adopt__: browser-context@8ffe29615d9ae4c481a7d54932a834a9
	at com.microsoft.playwright.impl.Connection.dispatch(Connection.java:279)
	at com.microsoft.playwright.impl.Connection.processOneMessage(Connection.java:214)
	at com.microsoft.playwright.impl.ChannelOwner.runUntil(ChannelOwner.java:136)
	at com.microsoft.playwright.impl.Connection.sendMessage(Connection.java:131)
	at com.microsoft.playwright.impl.ChannelOwner.sendMessage(ChannelOwner.java:124)
	at com.microsoft.playwright.impl.BrowserImpl.newContext(BrowserImpl.java:174)
	at com.microsoft.playwright.impl.BrowserImpl.newContext(BrowserImpl.java:34)
	at com.rishi.pw.utils.DriverSetup.launchBrowser(DriverSetup.java:31)
	at com.rishi.pw.test.stepdefinitions.Hooks.launchApp(Hooks.java:25)

</div> <!-- stack-trace -->
                  <em>
(Runs Cucumber Scenarios)                  </em>
                </div> <!-- method-content -->
              </div> <!-- method -->
              <div class="method">
                <div class="method-content">
                  <a name="runScenario(&quot;Login page hyperlink redirection validation&quot;, &quot;Login page features for Flipkart Application&quot;)">
                  </a> <!-- runScenario("Login page hyperlink redirection validation", "Login page features for Flipkart Application") -->
                  <span class="method-name">runScenario</span>
                  <span class="parameters">("Login page hyperlink redirection validation","Login page features for Flipkart Application")</span>
                  <div class="stack-trace">com.microsoft.playwright.PlaywrightException: Cannot find command to respond: 4
	at com.microsoft.playwright.impl.Connection.dispatch(Connection.java:246)
	at com.microsoft.playwright.impl.Connection.processOneMessage(Connection.java:214)
	at com.microsoft.playwright.impl.ChannelOwner.runUntil(ChannelOwner.java:136)
	at com.microsoft.playwright.impl.Connection.sendMessage(Connection.java:131)
	at com.microsoft.playwright.impl.ChannelOwner.sendMessage(ChannelOwner.java:124)
	at com.microsoft.playwright.impl.ChannelOwner.sendMessage(ChannelOwner.java:114)
	at com.microsoft.playwright.impl.BrowserContextImpl.newPage(BrowserContextImpl.java:433)
	at com.microsoft.playwright.impl.BrowserContextImpl.newPage(BrowserContextImpl.java:43)
	at com.rishi.pw.utils.DriverSetup.launchBrowser(DriverSetup.java:35)
	at com.rishi.pw.test.stepdefinitions.Hooks.launchApp(Hooks.java:25)

</div> <!-- stack-trace -->
                  <em>
(Runs Cucumber Scenarios)                  </em>
                </div> <!-- method-content -->
              </div> <!-- method -->
              <div class="method">
                <div class="method-content">
                  <a name="runScenario(&quot;Social hyperlinks validation&quot;, &quot;Homepage features for Flipkart Application&quot;)">
                  </a> <!-- runScenario("Social hyperlinks validation", "Homepage features for Flipkart Application") -->
                  <span class="method-name">runScenario</span>
                  <span class="parameters">("Social hyperlinks validation","Homepage features for Flipkart Application")</span>
                  <div class="stack-trace">com.microsoft.playwright.PlaywrightException: Cannot find object to call __adopt__: browser-context@8ffe29615d9ae4c481a7d54932a834a9
	at com.microsoft.playwright.impl.Connection.dispatch(Connection.java:279)
	at com.microsoft.playwright.impl.Connection.processOneMessage(Connection.java:214)
	at com.microsoft.playwright.impl.ChannelOwner.runUntil(ChannelOwner.java:136)
	at com.microsoft.playwright.impl.Connection.sendMessage(Connection.java:131)
	at com.microsoft.playwright.impl.ChannelOwner.sendMessage(ChannelOwner.java:124)
	at com.microsoft.playwright.impl.BrowserImpl.newContext(BrowserImpl.java:174)
	at com.microsoft.playwright.impl.BrowserImpl.newContext(BrowserImpl.java:34)
	at com.rishi.pw.utils.DriverSetup.launchBrowser(DriverSetup.java:31)
	at com.rishi.pw.test.stepdefinitions.Hooks.launchApp(Hooks.java:25)

</div> <!-- stack-trace -->
                  <em>
(Runs Cucumber Scenarios)                  </em>
                </div> <!-- method-content -->
              </div> <!-- method -->
              <div class="method">
                <div class="method-content">
                  <a name="runScenario(&quot;Search functionality validation&quot;, &quot;Homepage features for Flipkart Application&quot;)">
                  </a> <!-- runScenario("Search functionality validation", "Homepage features for Flipkart Application") -->
                  <span class="method-name">runScenario</span>
                  <span class="parameters">("Search functionality validation","Homepage features for Flipkart Application")</span>
                  <div class="stack-trace">com.microsoft.playwright.PlaywrightException: Cannot find object to call __adopt__: request-context@7e4c784766c97e81f7ba657b132ae7e4
	at com.microsoft.playwright.impl.Connection.dispatch(Connection.java:279)
	at com.microsoft.playwright.impl.Connection.processOneMessage(Connection.java:214)
	at com.microsoft.playwright.impl.ChannelOwner.runUntil(ChannelOwner.java:136)
	at com.microsoft.playwright.impl.Connection.sendMessage(Connection.java:131)
	at com.microsoft.playwright.impl.ChannelOwner.sendMessage(ChannelOwner.java:124)
	at com.microsoft.playwright.impl.BrowserImpl.newContext(BrowserImpl.java:174)
	at com.microsoft.playwright.impl.BrowserImpl.newContext(BrowserImpl.java:34)
	at com.rishi.pw.utils.DriverSetup.launchBrowser(DriverSetup.java:31)
	at com.rishi.pw.test.stepdefinitions.Hooks.launchApp(Hooks.java:25)

</div> <!-- stack-trace -->
                  <em>
(Runs Cucumber Scenarios)                  </em>
                </div> <!-- method-content -->
              </div> <!-- method -->
              <div class="method">
                <div class="method-content">
                  <a name="runScenario(&quot;Search functionality validation&quot;, &quot;Homepage features for Flipkart Application&quot;)">
                  </a> <!-- runScenario("Search functionality validation", "Homepage features for Flipkart Application") -->
                  <span class="method-name">runScenario</span>
                  <span class="parameters">("Search functionality validation","Homepage features for Flipkart Application")</span>
                  <div class="stack-trace">com.microsoft.playwright.PlaywrightException: Cannot find object to call __adopt__: browser-context@42bd332aa71d31985c10cb10a1a7b19e
	at com.microsoft.playwright.impl.Connection.dispatch(Connection.java:279)
	at com.microsoft.playwright.impl.Connection.processOneMessage(Connection.java:214)
	at com.microsoft.playwright.impl.ChannelOwner.runUntil(ChannelOwner.java:136)
	at com.microsoft.playwright.impl.Connection.sendMessage(Connection.java:131)
	at com.microsoft.playwright.impl.ChannelOwner.sendMessage(ChannelOwner.java:124)
	at com.microsoft.playwright.impl.BrowserImpl.newContext(BrowserImpl.java:174)
	at com.microsoft.playwright.impl.BrowserImpl.newContext(BrowserImpl.java:34)
	at com.rishi.pw.utils.DriverSetup.launchBrowser(DriverSetup.java:31)
	at com.rishi.pw.test.stepdefinitions.Hooks.launchApp(Hooks.java:25)

</div> <!-- stack-trace -->
                  <em>
(Runs Cucumber Scenarios)                  </em>
                </div> <!-- method-content -->
              </div> <!-- method -->
              <div class="method">
                <div class="method-content">
                  <a name="runScenario(&quot;Footer link validation&quot;, &quot;Homepage features for Flipkart Application&quot;)">
                  </a> <!-- runScenario("Footer link validation", "Homepage features for Flipkart Application") -->
                  <span class="method-name">runScenario</span>
                  <span class="parameters">("Footer link validation","Homepage features for Flipkart Application")</span>
                  <div class="stack-trace">com.microsoft.playwright.PlaywrightException: Cannot find object to call __adopt__: request-context@64edd57e088bccc2fe78f1190aec6260
	at com.microsoft.playwright.impl.Connection.dispatch(Connection.java:279)
	at com.microsoft.playwright.impl.Connection.processOneMessage(Connection.java:214)
	at com.microsoft.playwright.impl.ChannelOwner.runUntil(ChannelOwner.java:136)
	at com.microsoft.playwright.impl.Connection.sendMessage(Connection.java:131)
	at com.microsoft.playwright.impl.ChannelOwner.sendMessage(ChannelOwner.java:124)
	at com.microsoft.playwright.impl.BrowserImpl.newContext(BrowserImpl.java:174)
	at com.microsoft.playwright.impl.BrowserImpl.newContext(BrowserImpl.java:34)
	at com.rishi.pw.utils.DriverSetup.launchBrowser(DriverSetup.java:31)
	at com.rishi.pw.test.stepdefinitions.Hooks.launchApp(Hooks.java:25)

</div> <!-- stack-trace -->
                  <em>
(Runs Cucumber Scenarios)                  </em>
                </div> <!-- method-content -->
              </div> <!-- method -->
              <div class="method">
                <div class="method-content">
                  <a name="runScenario(&quot;Search functionality validation&quot;, &quot;Homepage features for Flipkart Application&quot;)">
                  </a> <!-- runScenario("Search functionality validation", "Homepage features for Flipkart Application") -->
                  <span class="method-name">runScenario</span>
                  <span class="parameters">("Search functionality validation","Homepage features for Flipkart Application")</span>
                  <div class="stack-trace">com.microsoft.playwright.PlaywrightException: Cannot find object to call __adopt__: request-context@ad94b5097fc705fa2b8b9319830f7648
	at com.microsoft.playwright.impl.Connection.dispatch(Connection.java:279)
	at com.microsoft.playwright.impl.Connection.processOneMessage(Connection.java:214)
	at com.microsoft.playwright.impl.ChannelOwner.runUntil(ChannelOwner.java:136)
	at com.microsoft.playwright.impl.Connection.sendMessage(Connection.java:131)
	at com.microsoft.playwright.impl.ChannelOwner.sendMessage(ChannelOwner.java:124)
	at com.microsoft.playwright.impl.BrowserImpl.newContext(BrowserImpl.java:174)
	at com.microsoft.playwright.impl.BrowserImpl.newContext(BrowserImpl.java:34)
	at com.rishi.pw.utils.DriverSetup.launchBrowser(DriverSetup.java:31)
	at com.rishi.pw.test.stepdefinitions.Hooks.launchApp(Hooks.java:25)

</div> <!-- stack-trace -->
                  <em>
(Runs Cucumber Scenarios)                  </em>
                </div> <!-- method-content -->
              </div> <!-- method -->
              <div class="method">
                <div class="method-content">
                  <a name="runScenario(&quot;Invalid login validation&quot;, &quot;Login page features for Flipkart Application&quot;)">
                  </a> <!-- runScenario("Invalid login validation", "Login page features for Flipkart Application") -->
                  <span class="method-name">runScenario</span>
                  <span class="parameters">("Invalid login validation","Login page features for Flipkart Application")</span>
                  <div class="stack-trace">com.microsoft.playwright.PlaywrightException: Object doesn&apos;t exist: browser-context@8ffe29615d9ae4c481a7d54932a834a9
	at com.microsoft.playwright.impl.Connection.getExistingObject(Connection.java:195)
	at com.microsoft.playwright.impl.BrowserImpl.handleEvent(BrowserImpl.java:242)
	at com.microsoft.playwright.impl.Connection.dispatch(Connection.java:295)
	at com.microsoft.playwright.impl.Connection.processOneMessage(Connection.java:214)
	at com.microsoft.playwright.impl.ChannelOwner.runUntil(ChannelOwner.java:136)
	at com.microsoft.playwright.impl.Connection.sendMessage(Connection.java:131)
	at com.microsoft.playwright.impl.ChannelOwner.sendMessage(ChannelOwner.java:124)
	at com.microsoft.playwright.impl.BrowserImpl.newContext(BrowserImpl.java:174)
	at com.microsoft.playwright.impl.BrowserImpl.newContext(BrowserImpl.java:34)
	at com.rishi.pw.utils.DriverSetup.launchBrowser(DriverSetup.java:31)
	at com.rishi.pw.test.stepdefinitions.Hooks.launchApp(Hooks.java:25)

</div> <!-- stack-trace -->
                  <em>
(Runs Cucumber Scenarios)                  </em>
                </div> <!-- method-content -->
              </div> <!-- method -->
            </div> <!-- main-panel-content rounded-window-bottom -->
          </div> <!-- suite-Suite-class-failed -->
        </div> <!-- panel Suite -->
        <div panel-name="test-xml-Suite" class="panel">
          <div class="main-panel-header rounded-window-top">
            <span class="header-content">C:\Users\rishi\eclipse-workspace\Exploring-playwright_Java-Playwright-TestNG\playwright\test-suite.xml</span>
          </div> <!-- main-panel-header rounded-window-top -->
          <div class="main-panel-content rounded-window-bottom">
            <pre>
&lt;?xml version=&quot;1.0&quot; encoding=&quot;UTF-8&quot;?&gt;
&lt;!DOCTYPE suite SYSTEM &quot;https://testng.org/testng-1.0.dtd&quot;&gt;
&lt;suite thread-count=&quot;3&quot; parallel=&quot;tests&quot; name=&quot;Suite&quot; guice-stage=&quot;DEVELOPMENT&quot;&gt;
  &lt;test thread-count=&quot;3&quot; parallel=&quot;tests&quot; name=&quot;Test1&quot;&gt;
    &lt;classes&gt;
      &lt;class name=&quot;com.rishi.pw.test.runner.Runner&quot;/&gt;
    &lt;/classes&gt;
  &lt;/test&gt; &lt;!-- Test1 --&gt;
&lt;/suite&gt; &lt;!-- Suite --&gt;
            </pre>
          </div> <!-- main-panel-content rounded-window-bottom -->
        </div> <!-- panel -->
        <div panel-name="testlist-Suite" class="panel">
          <div class="main-panel-header rounded-window-top">
            <span class="header-content">Tests for Suite</span>
          </div> <!-- main-panel-header rounded-window-top -->
          <div class="main-panel-content rounded-window-bottom">
            <ul>
              <li>
                <span class="test-name">Test1 (1 class)</span>
              </li>
            </ul>
          </div> <!-- main-panel-content rounded-window-bottom -->
        </div> <!-- panel -->
        <div panel-name="group-Suite" class="panel">
          <div class="main-panel-header rounded-window-top">
            <span class="header-content">Groups for Suite</span>
          </div> <!-- main-panel-header rounded-window-top -->
          <div class="main-panel-content rounded-window-bottom">
            <div class="test-group">
              <span class="test-group-name">cucumber</span>
              <br/>
              <div class="method-in-group">
                <span class="method-in-group-name">runScenario</span>
                <br/>
              </div> <!-- method-in-group -->
            </div> <!-- test-group -->
          </div> <!-- main-panel-content rounded-window-bottom -->
        </div> <!-- panel -->
        <div panel-name="times-Suite" class="panel">
          <div class="main-panel-header rounded-window-top">
            <span class="header-content">Times for Suite</span>
          </div> <!-- main-panel-header rounded-window-top -->
          <div class="main-panel-content rounded-window-bottom">
            <div class="times-div">
              <script type="text/javascript">
suiteTableInitFunctions.push('tableData_Suite');
function tableData_Suite() {
var data = new google.visualization.DataTable();
data.addColumn('number', 'Number');
data.addColumn('string', 'Method');
data.addColumn('string', 'Class');
data.addColumn('number', 'Time (ms)');
data.addRows(8);
data.setCell(0, 0, 0)
data.setCell(0, 1, 'runScenario')
data.setCell(0, 2, 'com.rishi.pw.test.runner.Runner')
data.setCell(0, 3, 504);
data.setCell(1, 0, 1)
data.setCell(1, 1, 'runScenario')
data.setCell(1, 2, 'com.rishi.pw.test.runner.Runner')
data.setCell(1, 3, 503);
data.setCell(2, 0, 2)
data.setCell(2, 1, 'runScenario')
data.setCell(2, 2, 'com.rishi.pw.test.runner.Runner')
data.setCell(2, 3, 503);
data.setCell(3, 0, 3)
data.setCell(3, 1, 'runScenario')
data.setCell(3, 2, 'com.rishi.pw.test.runner.Runner')
data.setCell(3, 3, 503);
data.setCell(4, 0, 4)
data.setCell(4, 1, 'runScenario')
data.setCell(4, 2, 'com.rishi.pw.test.runner.Runner')
data.setCell(4, 3, 503);
data.setCell(5, 0, 5)
data.setCell(5, 1, 'runScenario')
data.setCell(5, 2, 'com.rishi.pw.test.runner.Runner')
data.setCell(5, 3, 502);
data.setCell(6, 0, 6)
data.setCell(6, 1, 'runScenario')
data.setCell(6, 2, 'com.rishi.pw.test.runner.Runner')
data.setCell(6, 3, 502);
data.setCell(7, 0, 7)
data.setCell(7, 1, 'runScenario')
data.setCell(7, 2, 'com.rishi.pw.test.runner.Runner')
data.setCell(7, 3, 501);
window.suiteTableData['Suite']= { tableData: data, tableDiv: 'times-div-Suite'}
return data;
}
              </script>
              <span class="suite-total-time">Total running time: 19 seconds</span>
              <div id="times-div-Suite">
              </div> <!-- times-div-Suite -->
            </div> <!-- times-div -->
          </div> <!-- main-panel-content rounded-window-bottom -->
        </div> <!-- panel -->
        <div panel-name="reporter-Suite" class="panel">
          <div class="main-panel-header rounded-window-top">
            <span class="header-content">Reporter output for Suite</span>
          </div> <!-- main-panel-header rounded-window-top -->
          <div class="main-panel-content rounded-window-bottom">
          </div> <!-- main-panel-content rounded-window-bottom -->
        </div> <!-- panel -->
        <div panel-name="ignored-methods-Suite" class="panel">
          <div class="main-panel-header rounded-window-top">
            <span class="header-content">0 ignored methods</span>
          </div> <!-- main-panel-header rounded-window-top -->
          <div class="main-panel-content rounded-window-bottom">
          </div> <!-- main-panel-content rounded-window-bottom -->
        </div> <!-- panel -->
        <div panel-name="chronological-Suite" class="panel">
          <div class="main-panel-header rounded-window-top">
            <span class="header-content">Methods in chronological order</span>
          </div> <!-- main-panel-header rounded-window-top -->
          <div class="main-panel-content rounded-window-bottom">
            <div class="chronological-class">
              <div class="chronological-class-name">com.rishi.pw.test.runner.Runner</div> <!-- chronological-class-name -->
              <div class="configuration-class before">
                <span class="method-name">setUpClass(org.testng.TestRunner@45b4c3a9)</span>
                <span class="method-start">0 ms</span>
              </div> <!-- configuration-class before -->
              <div class="configuration-class before">
                <span class="method-name">initReport</span>
                <span class="method-start">18341 ms</span>
              </div> <!-- configuration-class before -->
              <div class="test-method">
                <img src="failed.png">
                </img>
                <span class="method-name">runScenario("Social hyperlinks validation", "Homepage features for Flipkart Application")</span>
                <span class="method-start">18403 ms</span>
              </div> <!-- test-method -->
              <div class="test-method">
                <img src="failed.png">
                </img>
                <span class="method-name">runScenario("Login page hyperlink redirection validation", "Login page features for Flipkart Application")</span>
                <span class="method-start">18404 ms</span>
              </div> <!-- test-method -->
              <div class="test-method">
                <img src="failed.png">
                </img>
                <span class="method-name">runScenario("Search functionality validation", "Homepage features for Flipkart Application")</span>
                <span class="method-start">18404 ms</span>
              </div> <!-- test-method -->
              <div class="test-method">
                <img src="failed.png">
                </img>
                <span class="method-name">runScenario("Search functionality validation", "Homepage features for Flipkart Application")</span>
                <span class="method-start">18404 ms</span>
              </div> <!-- test-method -->
              <div class="test-method">
                <img src="failed.png">
                </img>
                <span class="method-name">runScenario("Footer link validation", "Homepage features for Flipkart Application")</span>
                <span class="method-start">18404 ms</span>
              </div> <!-- test-method -->
              <div class="test-method">
                <img src="failed.png">
                </img>
                <span class="method-name">runScenario("Login page hyperlink redirection validation", "Login page features for Flipkart Application")</span>
                <span class="method-start">18405 ms</span>
              </div> <!-- test-method -->
              <div class="test-method">
                <img src="failed.png">
                </img>
                <span class="method-name">runScenario("Search functionality validation", "Homepage features for Flipkart Application")</span>
                <span class="method-start">18405 ms</span>
              </div> <!-- test-method -->
              <div class="test-method">
                <img src="failed.png">
                </img>
                <span class="method-name">runScenario("Invalid login validation", "Login page features for Flipkart Application")</span>
                <span class="method-start">18406 ms</span>
              </div> <!-- test-method -->
              <div class="configuration-class after">
                <span class="method-name">flushReport</span>
                <span class="method-start">18927 ms</span>
              </div> <!-- configuration-class after -->
              <div class="configuration-class after">
                <img src="failed.png">
                </img>
                <span class="method-name">tearDownClass</span>
                <span class="method-start">19480 ms</span>
              </div> <!-- configuration-class after -->
          </div> <!-- main-panel-content rounded-window-bottom -->
        </div> <!-- panel -->
      </div> <!-- main-panel-root -->
    </div> <!-- wrapper -->
  </body>
<script type="text/javascript" src="testng-reports2.js"></script>
</html>
