<?xml version="1.0" encoding="UTF-8"?>
<testng-results ignored="0" total="8" passed="8" failed="0" skipped="0">
  <reporter-output>
  </reporter-output>
  <suite started-at="2026-02-02T23:01:29 IST" name="Default suite" finished-at="2026-02-02T23:03:05 IST" duration-ms="95804">
    <groups>
      <group name="cucumber">
        <method signature="AbstractTestNGCucumberTests.runScenario(io.cucumber.testng.PickleWrapper,io.cucumber.testng.FeatureWrapper)[pri:0, instance:com.rishi.pw.test.runner.Runner@692f203f]" name="runScenario" class="io.cucumber.testng.AbstractTestNGCucumberTests"/>
      </group> <!-- cucumber -->
    </groups>
    <test started-at="2026-02-02T23:01:29 IST" name="Default test" finished-at="2026-02-02T23:03:05 IST" duration-ms="95804">
      <class name="com.rishi.pw.test.runner.Runner">
        <test-method is-config="true" signature="setUpClass(org.testng.ITestContext)[pri:0, instance:com.rishi.pw.test.runner.Runner@692f203f]" started-at="2026-02-02T23:01:29 IST" name="setUpClass" finished-at="2026-02-02T23:01:40 IST" duration-ms="11041" status="PASS">
          <params>
            <param index="0">
              <value>
                <![CDATA[org.testng.TestRunner@7e7fe6d]]>
              </value>
            </param>
          </params>
          <reporter-output>
          </reporter-output>
        </test-method> <!-- setUpClass -->
        <test-method is-config="true" signature="initReport()[pri:0, instance:com.rishi.pw.test.runner.Runner@692f203f]" started-at="2026-02-02T23:01:40 IST" name="initReport" finished-at="2026-02-02T23:01:40 IST" duration-ms="23" status="PASS">
          <reporter-output>
          </reporter-output>
        </test-method> <!-- initReport -->
        <test-method signature="runScenario(io.cucumber.testng.PickleWrapper,io.cucumber.testng.FeatureWrapper)[pri:0, instance:com.rishi.pw.test.runner.Runner@692f203f]" started-at="2026-02-02T23:01:40 IST" name="runScenario" description="Runs Cucumber Scenarios" data-provider="scenarios" finished-at="2026-02-02T23:01:47 IST" duration-ms="7238" status="PASS">
          <params>
            <param index="0">
              <value>
                <![CDATA["Footer link validation"]]>
              </value>
            </param>
            <param index="1">
              <value>
                <![CDATA["Homepage features for Flipkart Application"]]>
              </value>
            </param>
          </params>
          <reporter-output>
          </reporter-output>
        </test-method> <!-- runScenario -->
        <test-method signature="runScenario(io.cucumber.testng.PickleWrapper,io.cucumber.testng.FeatureWrapper)[pri:0, instance:com.rishi.pw.test.runner.Runner@692f203f]" started-at="2026-02-02T23:01:47 IST" name="runScenario" description="Runs Cucumber Scenarios" data-provider="scenarios" finished-at="2026-02-02T23:01:52 IST" duration-ms="5115" status="PASS">
          <params>
            <param index="0">
              <value>
                <![CDATA["Social hyperlinks validation"]]>
              </value>
            </param>
            <param index="1">
              <value>
                <![CDATA["Homepage features for Flipkart Application"]]>
              </value>
            </param>
          </params>
          <reporter-output>
          </reporter-output>
        </test-method> <!-- runScenario -->
        <test-method signature="runScenario(io.cucumber.testng.PickleWrapper,io.cucumber.testng.FeatureWrapper)[pri:0, instance:com.rishi.pw.test.runner.Runner@692f203f]" started-at="2026-02-02T23:01:52 IST" name="runScenario" description="Runs Cucumber Scenarios" data-provider="scenarios" finished-at="2026-02-02T23:02:07 IST" duration-ms="14306" status="PASS">
          <params>
            <param index="0">
              <value>
                <![CDATA["Search functionality validation"]]>
              </value>
            </param>
            <param index="1">
              <value>
                <![CDATA["Homepage features for Flipkart Application"]]>
              </value>
            </param>
          </params>
          <reporter-output>
          </reporter-output>
        </test-method> <!-- runScenario -->
        <test-method signature="runScenario(io.cucumber.testng.PickleWrapper,io.cucumber.testng.FeatureWrapper)[pri:0, instance:com.rishi.pw.test.runner.Runner@692f203f]" started-at="2026-02-02T23:02:07 IST" name="runScenario" description="Runs Cucumber Scenarios" data-provider="scenarios" finished-at="2026-02-02T23:02:19 IST" duration-ms="12635" status="PASS">
          <params>
            <param index="0">
              <value>
                <![CDATA["Search functionality validation"]]>
              </value>
            </param>
            <param index="1">
              <value>
                <![CDATA["Homepage features for Flipkart Application"]]>
              </value>
            </param>
          </params>
          <reporter-output>
          </reporter-output>
        </test-method> <!-- runScenario -->
        <test-method signature="runScenario(io.cucumber.testng.PickleWrapper,io.cucumber.testng.FeatureWrapper)[pri:0, instance:com.rishi.pw.test.runner.Runner@692f203f]" started-at="2026-02-02T23:02:19 IST" name="runScenario" description="Runs Cucumber Scenarios" data-provider="scenarios" finished-at="2026-02-02T23:02:29 IST" duration-ms="9863" status="PASS">
          <params>
            <param index="0">
              <value>
                <![CDATA["Search functionality validation"]]>
              </value>
            </param>
            <param index="1">
              <value>
                <![CDATA["Homepage features for Flipkart Application"]]>
              </value>
            </param>
          </params>
          <reporter-output>
          </reporter-output>
        </test-method> <!-- runScenario -->
        <test-method signature="runScenario(io.cucumber.testng.PickleWrapper,io.cucumber.testng.FeatureWrapper)[pri:0, instance:com.rishi.pw.test.runner.Runner@692f203f]" started-at="2026-02-02T23:02:29 IST" name="runScenario" description="Runs Cucumber Scenarios" data-provider="scenarios" finished-at="2026-02-02T23:02:40 IST" duration-ms="10529" status="PASS">
          <params>
            <param index="0">
              <value>
                <![CDATA["Invalid login validation"]]>
              </value>
            </param>
            <param index="1">
              <value>
                <![CDATA["Login page features for Flipkart Application"]]>
              </value>
            </param>
          </params>
          <reporter-output>
          </reporter-output>
        </test-method> <!-- runScenario -->
        <test-method signature="runScenario(io.cucumber.testng.PickleWrapper,io.cucumber.testng.FeatureWrapper)[pri:0, instance:com.rishi.pw.test.runner.Runner@692f203f]" started-at="2026-02-02T23:02:40 IST" name="runScenario" description="Runs Cucumber Scenarios" data-provider="scenarios" finished-at="2026-02-02T23:02:48 IST" duration-ms="8363" status="PASS">
          <params>
            <param index="0">
              <value>
                <![CDATA["Login page hyperlink redirection validation"]]>
              </value>
            </param>
            <param index="1">
              <value>
                <![CDATA["Login page features for Flipkart Application"]]>
              </value>
            </param>
          </params>
          <reporter-output>
          </reporter-output>
        </test-method> <!-- runScenario -->
        <test-method signature="runScenario(io.cucumber.testng.PickleWrapper,io.cucumber.testng.FeatureWrapper)[pri:0, instance:com.rishi.pw.test.runner.Runner@692f203f]" started-at="2026-02-02T23:02:48 IST" name="runScenario" description="Runs Cucumber Scenarios" data-provider="scenarios" finished-at="2026-02-02T23:02:56 IST" duration-ms="7868" status="PASS">
          <params>
            <param index="0">
              <value>
                <![CDATA["Login page hyperlink redirection validation"]]>
              </value>
            </param>
            <param index="1">
              <value>
                <![CDATA["Login page features for Flipkart Application"]]>
              </value>
            </param>
          </params>
          <reporter-output>
          </reporter-output>
        </test-method> <!-- runScenario -->
        <test-method is-config="true" signature="flushReport()[pri:0, instance:com.rishi.pw.test.runner.Runner@692f203f]" started-at="2026-02-02T23:02:56 IST" name="flushReport" finished-at="2026-02-02T23:02:57 IST" duration-ms="442" status="PASS">
          <reporter-output>
          </reporter-output>
        </test-method> <!-- flushReport -->
        <test-method is-config="true" signature="tearDownClass()[pri:0, instance:com.rishi.pw.test.runner.Runner@692f203f]" started-at="2026-02-02T23:02:57 IST" name="tearDownClass" finished-at="2026-02-02T23:03:05 IST" duration-ms="8259" status="PASS">
          <reporter-output>
          </reporter-output>
        </test-method> <!-- tearDownClass -->
      </class> <!-- com.rishi.pw.test.runner.Runner -->
    </test> <!-- Default test -->
  </suite> <!-- Default suite -->
</testng-results>
