<?xml version="1.0" encoding="UTF-8"?>
<testng-results ignored="0" total="10" passed="7" failed="3" skipped="0">
  <reporter-output>
  </reporter-output>
  <suite started-at="2026-01-27T23:32:42 IST" name="Default suite" finished-at="2026-01-27T23:48:46 IST" duration-ms="963591">
    <groups>
      <group name="cucumber">
        <method signature="AbstractTestNGCucumberTests.runScenario(io.cucumber.testng.PickleWrapper,io.cucumber.testng.FeatureWrapper)[pri:0, instance:com.rishi.pw.test.runner.Runner@4efbca5a]" name="runScenario" class="io.cucumber.testng.AbstractTestNGCucumberTests"/>
      </group> <!-- cucumber -->
    </groups>
    <test started-at="2026-01-27T23:32:42 IST" name="Default test" finished-at="2026-01-27T23:48:46 IST" duration-ms="963591">
      <class name="com.rishi.pw.test.runner.Runner">
        <test-method is-config="true" signature="setUpClass(org.testng.ITestContext)[pri:0, instance:com.rishi.pw.test.runner.Runner@4efbca5a]" started-at="2026-01-27T23:32:42 IST" name="setUpClass" finished-at="2026-01-27T23:32:54 IST" duration-ms="11274" status="PASS">
          <params>
            <param index="0">
              <value>
                <![CDATA[org.testng.TestRunner@548d5ed3]]>
              </value>
            </param>
          </params>
          <reporter-output>
          </reporter-output>
        </test-method> <!-- setUpClass -->
        <test-method signature="runScenario(io.cucumber.testng.PickleWrapper,io.cucumber.testng.FeatureWrapper)[pri:0, instance:com.rishi.pw.test.runner.Runner@4efbca5a]" started-at="2026-01-27T23:32:54 IST" name="runScenario" description="Runs Cucumber Scenarios" data-provider="scenarios" finished-at="2026-01-27T23:33:01 IST" duration-ms="7119" status="PASS">
          <params>
            <param index="0">
              <value>
                <![CDATA[""]]>
              </value>
            </param>
            <param index="1">
              <value>
                <![CDATA["Login feature for Flipkart Application"]]>
              </value>
            </param>
          </params>
          <reporter-output>
          </reporter-output>
        </test-method> <!-- runScenario -->
        <test-method signature="runScenario(io.cucumber.testng.PickleWrapper,io.cucumber.testng.FeatureWrapper)[pri:0, instance:com.rishi.pw.test.runner.Runner@4efbca5a]" started-at="2026-01-27T23:33:01 IST" name="runScenario" description="Runs Cucumber Scenarios" data-provider="scenarios" finished-at="2026-01-27T23:33:11 IST" duration-ms="10527" status="PASS">
          <params>
            <param index="0">
              <value>
                <![CDATA[""]]>
              </value>
            </param>
            <param index="1">
              <value>
                <![CDATA["Login feature for Flipkart Application"]]>
              </value>
            </param>
          </params>
          <reporter-output>
          </reporter-output>
        </test-method> <!-- runScenario -->
        <test-method signature="runScenario(io.cucumber.testng.PickleWrapper,io.cucumber.testng.FeatureWrapper)[pri:0, instance:com.rishi.pw.test.runner.Runner@4efbca5a]" started-at="2026-01-27T23:33:11 IST" name="runScenario" description="Runs Cucumber Scenarios" data-provider="scenarios" finished-at="2026-01-27T23:33:30 IST" duration-ms="18924" status="PASS">
          <params>
            <param index="0">
              <value>
                <![CDATA[""]]>
              </value>
            </param>
            <param index="1">
              <value>
                <![CDATA["Login feature for Flipkart Application"]]>
              </value>
            </param>
          </params>
          <reporter-output>
          </reporter-output>
        </test-method> <!-- runScenario -->
        <test-method signature="runScenario(io.cucumber.testng.PickleWrapper,io.cucumber.testng.FeatureWrapper)[pri:0, instance:com.rishi.pw.test.runner.Runner@4efbca5a]" started-at="2026-01-27T23:33:30 IST" name="runScenario" description="Runs Cucumber Scenarios" data-provider="scenarios" finished-at="2026-01-27T23:33:35 IST" duration-ms="4721" status="PASS">
          <params>
            <param index="0">
              <value>
                <![CDATA[""]]>
              </value>
            </param>
            <param index="1">
              <value>
                <![CDATA["Login feature for Flipkart Application"]]>
              </value>
            </param>
          </params>
          <reporter-output>
          </reporter-output>
        </test-method> <!-- runScenario -->
        <test-method signature="runScenario(io.cucumber.testng.PickleWrapper,io.cucumber.testng.FeatureWrapper)[pri:0, instance:com.rishi.pw.test.runner.Runner@4efbca5a]" started-at="2026-01-27T23:33:35 IST" name="runScenario" description="Runs Cucumber Scenarios" data-provider="scenarios" finished-at="2026-01-27T23:33:39 IST" duration-ms="4411" status="PASS">
          <params>
            <param index="0">
              <value>
                <![CDATA[""]]>
              </value>
            </param>
            <param index="1">
              <value>
                <![CDATA["Login feature for Flipkart Application"]]>
              </value>
            </param>
          </params>
          <reporter-output>
          </reporter-output>
        </test-method> <!-- runScenario -->
        <test-method signature="runScenario(io.cucumber.testng.PickleWrapper,io.cucumber.testng.FeatureWrapper)[pri:0, instance:com.rishi.pw.test.runner.Runner@4efbca5a]" started-at="2026-01-27T23:33:39 IST" name="runScenario" description="Runs Cucumber Scenarios" data-provider="scenarios" finished-at="2026-01-27T23:33:45 IST" duration-ms="5410" status="PASS">
          <params>
            <param index="0">
              <value>
                <![CDATA[""]]>
              </value>
            </param>
            <param index="1">
              <value>
                <![CDATA["Login feature for Flipkart Application"]]>
              </value>
            </param>
          </params>
          <reporter-output>
          </reporter-output>
        </test-method> <!-- runScenario -->
        <test-method signature="runScenario(io.cucumber.testng.PickleWrapper,io.cucumber.testng.FeatureWrapper)[pri:0, instance:com.rishi.pw.test.runner.Runner@4efbca5a]" started-at="2026-01-27T23:33:45 IST" name="runScenario" description="Runs Cucumber Scenarios" data-provider="scenarios" finished-at="2026-01-27T23:33:57 IST" duration-ms="12303" status="PASS">
          <params>
            <param index="0">
              <value>
                <![CDATA[""]]>
              </value>
            </param>
            <param index="1">
              <value>
                <![CDATA["Login feature for Flipkart Application"]]>
              </value>
            </param>
          </params>
          <reporter-output>
          </reporter-output>
        </test-method> <!-- runScenario -->
        <test-method signature="runScenario(io.cucumber.testng.PickleWrapper,io.cucumber.testng.FeatureWrapper)[pri:0, instance:com.rishi.pw.test.runner.Runner@4efbca5a]" started-at="2026-01-27T23:33:57 IST" name="runScenario" description="Runs Cucumber Scenarios" data-provider="scenarios" finished-at="2026-01-27T23:35:21 IST" duration-ms="84037" status="FAIL">
          <params>
            <param index="0">
              <value>
                <![CDATA[":"]]>
              </value>
            </param>
            <param index="1">
              <value>
                <![CDATA["Login feature for Flipkart Application"]]>
              </value>
            </param>
          </params>
          <exception class="java.lang.ArrayIndexOutOfBoundsException">
            <message>
              <![CDATA[Index 24 out of bounds for length 24]]>
            </message>
            <full-stacktrace>
              <![CDATA[java.lang.ArrayIndexOutOfBoundsException: Index 24 out of bounds for length 24
at java.base/java.util.ImmutableCollections$ListN.get(ImmutableCollections.java:725)
at com.rishi.pw.pages.ProductResultspage.storeRelevantSearchResults(ProductResultspage.java:23)
at com.rishi.pw.test.stepdefinitions.SearchResultsDefinition.the_user_is_able_relevant_results(SearchResultsDefinition.java:30)
at ✽.the user is able relevant results "mobile under 10000"(file:///C:/Users/rishi/eclipse-workspace/Exploring-playwright_Java-Playwright-TestNG/playwright/src/test/resources/features/login.feature:40)
]]>
            </full-stacktrace>
          </exception> <!-- java.lang.ArrayIndexOutOfBoundsException -->
          <reporter-output>
          </reporter-output>
        </test-method> <!-- runScenario -->
        <test-method signature="runScenario(io.cucumber.testng.PickleWrapper,io.cucumber.testng.FeatureWrapper)[pri:0, instance:com.rishi.pw.test.runner.Runner@4efbca5a]" started-at="2026-01-27T23:35:21 IST" name="runScenario" description="Runs Cucumber Scenarios" data-provider="scenarios" finished-at="2026-01-27T23:39:50 IST" duration-ms="268915" status="FAIL">
          <params>
            <param index="0">
              <value>
                <![CDATA[":"]]>
              </value>
            </param>
            <param index="1">
              <value>
                <![CDATA["Login feature for Flipkart Application"]]>
              </value>
            </param>
          </params>
          <exception class="java.lang.ArrayIndexOutOfBoundsException">
            <message>
              <![CDATA[Index 24 out of bounds for length 24]]>
            </message>
            <full-stacktrace>
              <![CDATA[java.lang.ArrayIndexOutOfBoundsException: Index 24 out of bounds for length 24
at java.base/java.util.ImmutableCollections$ListN.get(ImmutableCollections.java:725)
at com.rishi.pw.pages.ProductResultspage.storeRelevantSearchResults(ProductResultspage.java:23)
at com.rishi.pw.test.stepdefinitions.SearchResultsDefinition.the_user_is_able_relevant_results(SearchResultsDefinition.java:30)
at ✽.the user is able relevant results "laptop under 50000"(file:///C:/Users/rishi/eclipse-workspace/Exploring-playwright_Java-Playwright-TestNG/playwright/src/test/resources/features/login.feature:40)
]]>
            </full-stacktrace>
          </exception> <!-- java.lang.ArrayIndexOutOfBoundsException -->
          <reporter-output>
          </reporter-output>
        </test-method> <!-- runScenario -->
        <test-method signature="runScenario(io.cucumber.testng.PickleWrapper,io.cucumber.testng.FeatureWrapper)[pri:0, instance:com.rishi.pw.test.runner.Runner@4efbca5a]" started-at="2026-01-27T23:39:50 IST" name="runScenario" description="Runs Cucumber Scenarios" data-provider="scenarios" finished-at="2026-01-27T23:48:45 IST" duration-ms="534963" status="FAIL">
          <params>
            <param index="0">
              <value>
                <![CDATA[":"]]>
              </value>
            </param>
            <param index="1">
              <value>
                <![CDATA["Login feature for Flipkart Application"]]>
              </value>
            </param>
          </params>
          <exception class="java.lang.ArrayIndexOutOfBoundsException">
            <message>
              <![CDATA[Index 24 out of bounds for length 24]]>
            </message>
            <full-stacktrace>
              <![CDATA[java.lang.ArrayIndexOutOfBoundsException: Index 24 out of bounds for length 24
at java.base/java.util.ImmutableCollections$ListN.get(ImmutableCollections.java:725)
at com.rishi.pw.pages.ProductResultspage.storeRelevantSearchResults(ProductResultspage.java:23)
at com.rishi.pw.test.stepdefinitions.SearchResultsDefinition.the_user_is_able_relevant_results(SearchResultsDefinition.java:30)
at ✽.the user is able relevant results "tv under 30000"(file:///C:/Users/rishi/eclipse-workspace/Exploring-playwright_Java-Playwright-TestNG/playwright/src/test/resources/features/login.feature:40)
]]>
            </full-stacktrace>
          </exception> <!-- java.lang.ArrayIndexOutOfBoundsException -->
          <reporter-output>
          </reporter-output>
        </test-method> <!-- runScenario -->
        <test-method is-config="true" signature="tearDownClass()[pri:0, instance:com.rishi.pw.test.runner.Runner@4efbca5a]" started-at="2026-01-27T23:48:45 IST" name="tearDownClass" finished-at="2026-01-27T23:48:46 IST" duration-ms="876" status="PASS">
          <reporter-output>
          </reporter-output>
        </test-method> <!-- tearDownClass -->
      </class> <!-- com.rishi.pw.test.runner.Runner -->
    </test> <!-- Default test -->
  </suite> <!-- Default suite -->
</testng-results>
