<?xml version="1.0" encoding="UTF-8"?>
<testng-results ignored="0" total="8" passed="8" failed="0" skipped="0">
  <reporter-output>
  </reporter-output>
  <suite started-at="2026-02-09T20:05:18 IST" name="Default suite" finished-at="2026-02-09T20:06:10 IST" duration-ms="51361">
    <groups>
      <group name="cucumber">
        <method signature="AbstractTestNGCucumberTests.runScenario(io.cucumber.testng.PickleWrapper,io.cucumber.testng.FeatureWrapper)[pri:0, instance:com.rishi.pw.test.runner.Runner@35d019a3]" name="runScenario" class="io.cucumber.testng.AbstractTestNGCucumberTests"/>
      </group> <!-- cucumber -->
    </groups>
    <test started-at="2026-02-09T20:05:18 IST" name="Default test" finished-at="2026-02-09T20:06:10 IST" duration-ms="51361">
      <class name="com.rishi.pw.test.runner.Runner">
        <test-method is-config="true" signature="initReport()[pri:0, instance:com.rishi.pw.test.runner.Runner@35d019a3]" started-at="2026-02-09T20:05:18 IST" name="initReport" finished-at="2026-02-09T20:05:18 IST" duration-ms="304" status="PASS">
          <reporter-output>
          </reporter-output>
        </test-method> <!-- initReport -->
        <test-method is-config="true" signature="setUpClass(org.testng.ITestContext)[pri:0, instance:com.rishi.pw.test.runner.Runner@35d019a3]" started-at="2026-02-09T20:05:18 IST" name="setUpClass" finished-at="2026-02-09T20:05:19 IST" duration-ms="319" status="PASS">
          <params>
            <param index="0">
              <value>
                <![CDATA[org.testng.TestRunner@33a053d]]>
              </value>
            </param>
          </params>
          <reporter-output>
          </reporter-output>
        </test-method> <!-- setUpClass -->
        <test-method signature="runScenario(io.cucumber.testng.PickleWrapper,io.cucumber.testng.FeatureWrapper)[pri:0, instance:com.rishi.pw.test.runner.Runner@35d019a3]" started-at="2026-02-09T20:05:19 IST" name="runScenario" description="Runs Cucumber Scenarios" data-provider="scenarios" finished-at="2026-02-09T20:06:03 IST" duration-ms="44636" status="PASS">
          <params>
            <param index="0">
              <value>
                <![CDATA["Footer link validation"]]>
              </value>
            </param>
            <param index="1">
              <value>
                <![CDATA["Homepage features for Flipkart Application"]]>
              </value>
            </param>
          </params>
          <reporter-output>
          </reporter-output>
        </test-method> <!-- runScenario -->
        <test-method signature="runScenario(io.cucumber.testng.PickleWrapper,io.cucumber.testng.FeatureWrapper)[pri:0, instance:com.rishi.pw.test.runner.Runner@35d019a3]" started-at="2026-02-09T20:05:19 IST" name="runScenario" description="Runs Cucumber Scenarios" data-provider="scenarios" finished-at="2026-02-09T20:06:03 IST" duration-ms="44238" status="PASS">
          <params>
            <param index="0">
              <value>
                <![CDATA["Social hyperlinks validation"]]>
              </value>
            </param>
            <param index="1">
              <value>
                <![CDATA["Homepage features for Flipkart Application"]]>
              </value>
            </param>
          </params>
          <reporter-output>
          </reporter-output>
        </test-method> <!-- runScenario -->
        <test-method signature="runScenario(io.cucumber.testng.PickleWrapper,io.cucumber.testng.FeatureWrapper)[pri:0, instance:com.rishi.pw.test.runner.Runner@35d019a3]" started-at="2026-02-09T20:05:19 IST" name="runScenario" description="Runs Cucumber Scenarios" data-provider="scenarios" finished-at="2026-02-09T20:06:05 IST" duration-ms="45928" status="PASS">
          <params>
            <param index="0">
              <value>
                <![CDATA["Login page hyperlink redirection validation"]]>
              </value>
            </param>
            <param index="1">
              <value>
                <![CDATA["Login page features for Flipkart Application"]]>
              </value>
            </param>
          </params>
          <reporter-output>
          </reporter-output>
        </test-method> <!-- runScenario -->
        <test-method signature="runScenario(io.cucumber.testng.PickleWrapper,io.cucumber.testng.FeatureWrapper)[pri:0, instance:com.rishi.pw.test.runner.Runner@35d019a3]" started-at="2026-02-09T20:05:19 IST" name="runScenario" description="Runs Cucumber Scenarios" data-provider="scenarios" finished-at="2026-02-09T20:06:04 IST" duration-ms="45483" status="PASS">
          <params>
            <param index="0">
              <value>
                <![CDATA["Invalid login validation"]]>
              </value>
            </param>
            <param index="1">
              <value>
                <![CDATA["Login page features for Flipkart Application"]]>
              </value>
            </param>
          </params>
          <reporter-output>
          </reporter-output>
        </test-method> <!-- runScenario -->
        <test-method signature="runScenario(io.cucumber.testng.PickleWrapper,io.cucumber.testng.FeatureWrapper)[pri:0, instance:com.rishi.pw.test.runner.Runner@35d019a3]" started-at="2026-02-09T20:05:19 IST" name="runScenario" description="Runs Cucumber Scenarios" data-provider="scenarios" finished-at="2026-02-09T20:06:09 IST" duration-ms="50471" status="PASS">
          <params>
            <param index="0">
              <value>
                <![CDATA["Search functionality validation"]]>
              </value>
            </param>
            <param index="1">
              <value>
                <![CDATA["Homepage features for Flipkart Application"]]>
              </value>
            </param>
          </params>
          <reporter-output>
          </reporter-output>
        </test-method> <!-- runScenario -->
        <test-method signature="runScenario(io.cucumber.testng.PickleWrapper,io.cucumber.testng.FeatureWrapper)[pri:0, instance:com.rishi.pw.test.runner.Runner@35d019a3]" started-at="2026-02-09T20:05:19 IST" name="runScenario" description="Runs Cucumber Scenarios" data-provider="scenarios" finished-at="2026-02-09T20:06:07 IST" duration-ms="48381" status="PASS">
          <params>
            <param index="0">
              <value>
                <![CDATA["Search functionality validation"]]>
              </value>
            </param>
            <param index="1">
              <value>
                <![CDATA["Homepage features for Flipkart Application"]]>
              </value>
            </param>
          </params>
          <reporter-output>
          </reporter-output>
        </test-method> <!-- runScenario -->
        <test-method signature="runScenario(io.cucumber.testng.PickleWrapper,io.cucumber.testng.FeatureWrapper)[pri:0, instance:com.rishi.pw.test.runner.Runner@35d019a3]" started-at="2026-02-09T20:05:19 IST" name="runScenario" description="Runs Cucumber Scenarios" data-provider="scenarios" finished-at="2026-02-09T20:06:08 IST" duration-ms="48909" status="PASS">
          <params>
            <param index="0">
              <value>
                <![CDATA["Search functionality validation"]]>
              </value>
            </param>
            <param index="1">
              <value>
                <![CDATA["Homepage features for Flipkart Application"]]>
              </value>
            </param>
          </params>
          <reporter-output>
          </reporter-output>
        </test-method> <!-- runScenario -->
        <test-method signature="runScenario(io.cucumber.testng.PickleWrapper,io.cucumber.testng.FeatureWrapper)[pri:0, instance:com.rishi.pw.test.runner.Runner@35d019a3]" started-at="2026-02-09T20:05:19 IST" name="runScenario" description="Runs Cucumber Scenarios" data-provider="scenarios" finished-at="2026-02-09T20:06:04 IST" duration-ms="45039" status="PASS">
          <params>
            <param index="0">
              <value>
                <![CDATA["Login page hyperlink redirection validation"]]>
              </value>
            </param>
            <param index="1">
              <value>
                <![CDATA["Login page features for Flipkart Application"]]>
              </value>
            </param>
          </params>
          <reporter-output>
          </reporter-output>
        </test-method> <!-- runScenario -->
        <test-method is-config="true" signature="tearDownClass()[pri:0, instance:com.rishi.pw.test.runner.Runner@35d019a3]" started-at="2026-02-09T20:06:09 IST" name="tearDownClass" finished-at="2026-02-09T20:06:10 IST" duration-ms="525" status="PASS">
          <reporter-output>
          </reporter-output>
        </test-method> <!-- tearDownClass -->
        <test-method is-config="true" signature="flushReport()[pri:0, instance:com.rishi.pw.test.runner.Runner@35d019a3]" started-at="2026-02-09T20:06:10 IST" name="flushReport" finished-at="2026-02-09T20:06:10 IST" duration-ms="75" status="PASS">
          <reporter-output>
          </reporter-output>
        </test-method> <!-- flushReport -->
      </class> <!-- com.rishi.pw.test.runner.Runner -->
    </test> <!-- Default test -->
  </suite> <!-- Default suite -->
</testng-results>
