<?xml version="1.0" encoding="UTF-8"?>
<testng-results ignored="0" total="8" passed="6" failed="2" skipped="0">
  <reporter-output>
  </reporter-output>
  <suite started-at="2026-02-08T23:21:32 IST" name="Default suite" finished-at="2026-02-08T23:22:23 IST" duration-ms="51009">
    <groups>
      <group name="cucumber">
        <method signature="AbstractTestNGCucumberTests.runScenario(io.cucumber.testng.PickleWrapper,io.cucumber.testng.FeatureWrapper)[pri:0, instance:com.rishi.pw.test.runner.Runner@35d019a3]" name="runScenario" class="io.cucumber.testng.AbstractTestNGCucumberTests"/>
      </group> <!-- cucumber -->
    </groups>
    <test started-at="2026-02-08T23:21:32 IST" name="Default test" finished-at="2026-02-08T23:22:23 IST" duration-ms="51009">
      <class name="com.rishi.pw.test.runner.Runner">
        <test-method is-config="true" signature="initReport()[pri:0, instance:com.rishi.pw.test.runner.Runner@35d019a3]" started-at="2026-02-08T23:21:31 IST" name="initReport" finished-at="2026-02-08T23:21:32 IST" duration-ms="317" status="PASS">
          <reporter-output>
          </reporter-output>
        </test-method> <!-- initReport -->
        <test-method is-config="true" signature="setUpClass(org.testng.ITestContext)[pri:0, instance:com.rishi.pw.test.runner.Runner@35d019a3]" started-at="2026-02-08T23:21:32 IST" name="setUpClass" finished-at="2026-02-08T23:21:32 IST" duration-ms="257" status="PASS">
          <params>
            <param index="0">
              <value>
                <![CDATA[org.testng.TestRunner@42561fba]]>
              </value>
            </param>
          </params>
          <reporter-output>
          </reporter-output>
        </test-method> <!-- setUpClass -->
        <test-method signature="runScenario(io.cucumber.testng.PickleWrapper,io.cucumber.testng.FeatureWrapper)[pri:0, instance:com.rishi.pw.test.runner.Runner@35d019a3]" started-at="2026-02-08T23:21:32 IST" name="runScenario" description="Runs Cucumber Scenarios" data-provider="scenarios" finished-at="2026-02-08T23:22:22 IST" duration-ms="50319" status="PASS">
          <params>
            <param index="0">
              <value>
                <![CDATA["Search functionality validation"]]>
              </value>
            </param>
            <param index="1">
              <value>
                <![CDATA["Homepage features for Flipkart Application"]]>
              </value>
            </param>
          </params>
          <reporter-output>
          </reporter-output>
        </test-method> <!-- runScenario -->
        <test-method signature="runScenario(io.cucumber.testng.PickleWrapper,io.cucumber.testng.FeatureWrapper)[pri:0, instance:com.rishi.pw.test.runner.Runner@35d019a3]" started-at="2026-02-08T23:21:32 IST" name="runScenario" description="Runs Cucumber Scenarios" data-provider="scenarios" finished-at="2026-02-08T23:22:15 IST" duration-ms="43326" status="PASS">
          <params>
            <param index="0">
              <value>
                <![CDATA["Footer link validation"]]>
              </value>
            </param>
            <param index="1">
              <value>
                <![CDATA["Homepage features for Flipkart Application"]]>
              </value>
            </param>
          </params>
          <reporter-output>
          </reporter-output>
        </test-method> <!-- runScenario -->
        <test-method signature="runScenario(io.cucumber.testng.PickleWrapper,io.cucumber.testng.FeatureWrapper)[pri:0, instance:com.rishi.pw.test.runner.Runner@35d019a3]" started-at="2026-02-08T23:21:32 IST" name="runScenario" description="Runs Cucumber Scenarios" data-provider="scenarios" finished-at="2026-02-08T23:22:20 IST" duration-ms="48127" status="PASS">
          <params>
            <param index="0">
              <value>
                <![CDATA["Search functionality validation"]]>
              </value>
            </param>
            <param index="1">
              <value>
                <![CDATA["Homepage features for Flipkart Application"]]>
              </value>
            </param>
          </params>
          <reporter-output>
          </reporter-output>
        </test-method> <!-- runScenario -->
        <test-method signature="runScenario(io.cucumber.testng.PickleWrapper,io.cucumber.testng.FeatureWrapper)[pri:0, instance:com.rishi.pw.test.runner.Runner@35d019a3]" started-at="2026-02-08T23:21:32 IST" name="runScenario" description="Runs Cucumber Scenarios" data-provider="scenarios" finished-at="2026-02-08T23:22:15 IST" duration-ms="43403" status="PASS">
          <params>
            <param index="0">
              <value>
                <![CDATA["Social hyperlinks validation"]]>
              </value>
            </param>
            <param index="1">
              <value>
                <![CDATA["Homepage features for Flipkart Application"]]>
              </value>
            </param>
          </params>
          <reporter-output>
          </reporter-output>
        </test-method> <!-- runScenario -->
        <test-method signature="runScenario(io.cucumber.testng.PickleWrapper,io.cucumber.testng.FeatureWrapper)[pri:0, instance:com.rishi.pw.test.runner.Runner@35d019a3]" started-at="2026-02-08T23:21:32 IST" name="runScenario" description="Runs Cucumber Scenarios" data-provider="scenarios" finished-at="2026-02-08T23:22:16 IST" duration-ms="43853" status="PASS">
          <params>
            <param index="0">
              <value>
                <![CDATA["Invalid login validation"]]>
              </value>
            </param>
            <param index="1">
              <value>
                <![CDATA["Login page features for Flipkart Application"]]>
              </value>
            </param>
          </params>
          <reporter-output>
          </reporter-output>
        </test-method> <!-- runScenario -->
        <test-method signature="runScenario(io.cucumber.testng.PickleWrapper,io.cucumber.testng.FeatureWrapper)[pri:0, instance:com.rishi.pw.test.runner.Runner@35d019a3]" started-at="2026-02-08T23:21:32 IST" name="runScenario" description="Runs Cucumber Scenarios" data-provider="scenarios" finished-at="2026-02-08T23:22:19 IST" duration-ms="47430" status="PASS">
          <params>
            <param index="0">
              <value>
                <![CDATA["Search functionality validation"]]>
              </value>
            </param>
            <param index="1">
              <value>
                <![CDATA["Homepage features for Flipkart Application"]]>
              </value>
            </param>
          </params>
          <reporter-output>
          </reporter-output>
        </test-method> <!-- runScenario -->
        <test-method signature="runScenario(io.cucumber.testng.PickleWrapper,io.cucumber.testng.FeatureWrapper)[pri:0, instance:com.rishi.pw.test.runner.Runner@35d019a3]" started-at="2026-02-08T23:21:32 IST" name="runScenario" description="Runs Cucumber Scenarios" data-provider="scenarios" finished-at="2026-02-08T23:22:16 IST" duration-ms="44403" status="FAIL">
          <params>
            <param index="0">
              <value>
                <![CDATA["Login page hyperlink redirection validation"]]>
              </value>
            </param>
            <param index="1">
              <value>
                <![CDATA["Login page features for Flipkart Application"]]>
              </value>
            </param>
          </params>
          <exception class="java.lang.AssertionError">
            <message>
              <![CDATA[expected [true] but found [false]]]>
            </message>
            <full-stacktrace>
              <![CDATA[java.lang.AssertionError: expected [true] but found [false]
at org.testng.Assert.fail(Assert.java:111)
at org.testng.Assert.failNotEquals(Assert.java:1590)
at org.testng.Assert.assertTrue(Assert.java:57)
at org.testng.Assert.assertTrue(Assert.java:67)
at com.rishi.pw.test.utils.TestValidation.validateLoginHyperlinks(TestValidation.java:29)
at com.rishi.pw.test.stepdefinitions.LoginDefinition.user_finds_the_page_title_contains(LoginDefinition.java:50)
at ✽.user finds the page title contains "privacy"(file:///C:/Users/rishi/eclipse-workspace/Exploring-playwright_Java-Playwright-TestNG/playwright/src/test/resources/features/loginpage.feature:15)
]]>
            </full-stacktrace>
          </exception> <!-- java.lang.AssertionError -->
          <reporter-output>
          </reporter-output>
        </test-method> <!-- runScenario -->
        <test-method signature="runScenario(io.cucumber.testng.PickleWrapper,io.cucumber.testng.FeatureWrapper)[pri:0, instance:com.rishi.pw.test.runner.Runner@35d019a3]" started-at="2026-02-08T23:21:32 IST" name="runScenario" description="Runs Cucumber Scenarios" data-provider="scenarios" finished-at="2026-02-08T23:22:17 IST" duration-ms="44519" status="FAIL">
          <params>
            <param index="0">
              <value>
                <![CDATA["Login page hyperlink redirection validation"]]>
              </value>
            </param>
            <param index="1">
              <value>
                <![CDATA["Login page features for Flipkart Application"]]>
              </value>
            </param>
          </params>
          <exception class="java.lang.AssertionError">
            <message>
              <![CDATA[expected [true] but found [false]]]>
            </message>
            <full-stacktrace>
              <![CDATA[java.lang.AssertionError: expected [true] but found [false]
at org.testng.Assert.fail(Assert.java:111)
at org.testng.Assert.failNotEquals(Assert.java:1590)
at org.testng.Assert.assertTrue(Assert.java:57)
at org.testng.Assert.assertTrue(Assert.java:67)
at com.rishi.pw.test.utils.TestValidation.validateLoginHyperlinks(TestValidation.java:29)
at com.rishi.pw.test.stepdefinitions.LoginDefinition.user_finds_the_page_title_contains(LoginDefinition.java:50)
at ✽.user finds the page title contains "terms"(file:///C:/Users/rishi/eclipse-workspace/Exploring-playwright_Java-Playwright-TestNG/playwright/src/test/resources/features/loginpage.feature:15)
]]>
            </full-stacktrace>
          </exception> <!-- java.lang.AssertionError -->
          <reporter-output>
          </reporter-output>
        </test-method> <!-- runScenario -->
        <test-method is-config="true" signature="tearDownClass()[pri:0, instance:com.rishi.pw.test.runner.Runner@35d019a3]" started-at="2026-02-08T23:22:22 IST" name="tearDownClass" finished-at="2026-02-08T23:22:23 IST" duration-ms="386" status="PASS">
          <reporter-output>
          </reporter-output>
        </test-method> <!-- tearDownClass -->
        <test-method is-config="true" signature="flushReport()[pri:0, instance:com.rishi.pw.test.runner.Runner@35d019a3]" started-at="2026-02-08T23:22:23 IST" name="flushReport" finished-at="2026-02-08T23:22:23 IST" duration-ms="74" status="PASS">
          <reporter-output>
          </reporter-output>
        </test-method> <!-- flushReport -->
      </class> <!-- com.rishi.pw.test.runner.Runner -->
    </test> <!-- Default test -->
  </suite> <!-- Default suite -->
</testng-results>
