<?xml version="1.0" encoding="UTF-8"?>
<testng-results ignored="0" total="1" passed="1" failed="0" skipped="0">
  <reporter-output>
  </reporter-output>
  <suite started-at="2026-01-20T22:31:14 IST" name="Default suite" finished-at="2026-01-20T22:31:24 IST" duration-ms="9706">
    <groups>
    </groups>
    <test started-at="2026-01-20T22:31:14 IST" name="Default test" finished-at="2026-01-20T22:31:24 IST" duration-ms="9706">
      <class name="com.rishi.pw.test.runner.TestRunner">
        <test-method is-config="true" signature="launchApp()[pri:0, instance:com.rishi.pw.test.runner.TestRunner@57c758ac]" started-at="2026-01-20T22:31:14 IST" name="launchApp" finished-at="2026-01-20T22:31:21 IST" duration-ms="6678" status="PASS">
          <reporter-output>
          </reporter-output>
        </test-method> <!-- launchApp -->
        <test-method signature="TC01_negativeLogin()[pri:0, instance:com.rishi.pw.test.runner.TestRunner@57c758ac]" started-at="2026-01-20T22:31:21 IST" name="TC01_negativeLogin" finished-at="2026-01-20T22:31:22 IST" duration-ms="1527" status="PASS">
          <reporter-output>
          </reporter-output>
        </test-method> <!-- TC01_negativeLogin -->
        <test-method is-config="true" signature="cleanUpResources()[pri:0, instance:com.rishi.pw.test.runner.TestRunner@57c758ac]" started-at="2026-01-20T22:31:22 IST" name="cleanUpResources" finished-at="2026-01-20T22:31:24 IST" duration-ms="1450" status="PASS">
          <reporter-output>
          </reporter-output>
        </test-method> <!-- cleanUpResources -->
      </class> <!-- com.rishi.pw.test.runner.TestRunner -->
    </test> <!-- Default test -->
  </suite> <!-- Default suite -->
</testng-results>
