<?xml version="1.0" encoding="UTF-8"?>
<testng-results ignored="0" total="8" passed="8" failed="0" skipped="0">
  <reporter-output>
  </reporter-output>
  <suite started-at="2026-02-09T23:28:20 IST" name="Default suite" finished-at="2026-02-09T23:29:15 IST" duration-ms="55168">
    <groups>
      <group name="cucumber">
        <method signature="AbstractTestNGCucumberTests.runScenario(io.cucumber.testng.PickleWrapper,io.cucumber.testng.FeatureWrapper)[pri:0, instance:com.rishi.pw.test.runner.Runner@35d019a3]" name="runScenario" class="io.cucumber.testng.AbstractTestNGCucumberTests"/>
      </group> <!-- cucumber -->
    </groups>
    <test started-at="2026-02-09T23:28:20 IST" name="Default test" finished-at="2026-02-09T23:29:15 IST" duration-ms="55168">
      <class name="com.rishi.pw.test.runner.Runner">
        <test-method is-config="true" signature="initReport()[pri:0, instance:com.rishi.pw.test.runner.Runner@35d019a3]" started-at="2026-02-09T23:28:20 IST" name="initReport" finished-at="2026-02-09T23:28:20 IST" duration-ms="420" status="PASS">
          <reporter-output>
          </reporter-output>
        </test-method> <!-- initReport -->
        <test-method is-config="true" signature="setUpClass(org.testng.ITestContext)[pri:0, instance:com.rishi.pw.test.runner.Runner@35d019a3]" started-at="2026-02-09T23:28:20 IST" name="setUpClass" finished-at="2026-02-09T23:28:20 IST" duration-ms="309" status="PASS">
          <params>
            <param index="0">
              <value>
                <![CDATA[org.testng.TestRunner@33a053d]]>
              </value>
            </param>
          </params>
          <reporter-output>
          </reporter-output>
        </test-method> <!-- setUpClass -->
        <test-method signature="runScenario(io.cucumber.testng.PickleWrapper,io.cucumber.testng.FeatureWrapper)[pri:0, instance:com.rishi.pw.test.runner.Runner@35d019a3]" started-at="2026-02-09T23:28:20 IST" name="runScenario" description="Runs Cucumber Scenarios" data-provider="scenarios" finished-at="2026-02-09T23:29:10 IST" duration-ms="49138" status="PASS">
          <params>
            <param index="0">
              <value>
                <![CDATA["Footer link validation"]]>
              </value>
            </param>
            <param index="1">
              <value>
                <![CDATA["Homepage features for Flipkart Application"]]>
              </value>
            </param>
          </params>
          <reporter-output>
          </reporter-output>
        </test-method> <!-- runScenario -->
        <test-method signature="runScenario(io.cucumber.testng.PickleWrapper,io.cucumber.testng.FeatureWrapper)[pri:0, instance:com.rishi.pw.test.runner.Runner@35d019a3]" started-at="2026-02-09T23:28:20 IST" name="runScenario" description="Runs Cucumber Scenarios" data-provider="scenarios" finished-at="2026-02-09T23:29:14 IST" duration-ms="53452" status="PASS">
          <params>
            <param index="0">
              <value>
                <![CDATA["Search functionality validation"]]>
              </value>
            </param>
            <param index="1">
              <value>
                <![CDATA["Homepage features for Flipkart Application"]]>
              </value>
            </param>
          </params>
          <reporter-output>
          </reporter-output>
        </test-method> <!-- runScenario -->
        <test-method signature="runScenario(io.cucumber.testng.PickleWrapper,io.cucumber.testng.FeatureWrapper)[pri:0, instance:com.rishi.pw.test.runner.Runner@35d019a3]" started-at="2026-02-09T23:28:20 IST" name="runScenario" description="Runs Cucumber Scenarios" data-provider="scenarios" finished-at="2026-02-09T23:29:15 IST" duration-ms="54256" status="PASS">
          <params>
            <param index="0">
              <value>
                <![CDATA["Search functionality validation"]]>
              </value>
            </param>
            <param index="1">
              <value>
                <![CDATA["Homepage features for Flipkart Application"]]>
              </value>
            </param>
          </params>
          <reporter-output>
          </reporter-output>
        </test-method> <!-- runScenario -->
        <test-method signature="runScenario(io.cucumber.testng.PickleWrapper,io.cucumber.testng.FeatureWrapper)[pri:0, instance:com.rishi.pw.test.runner.Runner@35d019a3]" started-at="2026-02-09T23:28:20 IST" name="runScenario" description="Runs Cucumber Scenarios" data-provider="scenarios" finished-at="2026-02-09T23:29:13 IST" duration-ms="52991" status="PASS">
          <params>
            <param index="0">
              <value>
                <![CDATA["Search functionality validation"]]>
              </value>
            </param>
            <param index="1">
              <value>
                <![CDATA["Homepage features for Flipkart Application"]]>
              </value>
            </param>
          </params>
          <reporter-output>
          </reporter-output>
        </test-method> <!-- runScenario -->
        <test-method signature="runScenario(io.cucumber.testng.PickleWrapper,io.cucumber.testng.FeatureWrapper)[pri:0, instance:com.rishi.pw.test.runner.Runner@35d019a3]" started-at="2026-02-09T23:28:20 IST" name="runScenario" description="Runs Cucumber Scenarios" data-provider="scenarios" finished-at="2026-02-09T23:29:10 IST" duration-ms="49186" status="PASS">
          <params>
            <param index="0">
              <value>
                <![CDATA["Social hyperlinks validation"]]>
              </value>
            </param>
            <param index="1">
              <value>
                <![CDATA["Homepage features for Flipkart Application"]]>
              </value>
            </param>
          </params>
          <reporter-output>
          </reporter-output>
        </test-method> <!-- runScenario -->
        <test-method signature="runScenario(io.cucumber.testng.PickleWrapper,io.cucumber.testng.FeatureWrapper)[pri:0, instance:com.rishi.pw.test.runner.Runner@35d019a3]" started-at="2026-02-09T23:28:20 IST" name="runScenario" description="Runs Cucumber Scenarios" data-provider="scenarios" finished-at="2026-02-09T23:29:10 IST" duration-ms="49902" status="PASS">
          <params>
            <param index="0">
              <value>
                <![CDATA["Invalid login validation"]]>
              </value>
            </param>
            <param index="1">
              <value>
                <![CDATA["Login page features for Flipkart Application"]]>
              </value>
            </param>
          </params>
          <reporter-output>
          </reporter-output>
        </test-method> <!-- runScenario -->
        <test-method signature="runScenario(io.cucumber.testng.PickleWrapper,io.cucumber.testng.FeatureWrapper)[pri:0, instance:com.rishi.pw.test.runner.Runner@35d019a3]" started-at="2026-02-09T23:28:20 IST" name="runScenario" description="Runs Cucumber Scenarios" data-provider="scenarios" finished-at="2026-02-09T23:29:11 IST" duration-ms="50533" status="PASS">
          <params>
            <param index="0">
              <value>
                <![CDATA["Login page hyperlink redirection validation"]]>
              </value>
            </param>
            <param index="1">
              <value>
                <![CDATA["Login page features for Flipkart Application"]]>
              </value>
            </param>
          </params>
          <reporter-output>
          </reporter-output>
        </test-method> <!-- runScenario -->
        <test-method signature="runScenario(io.cucumber.testng.PickleWrapper,io.cucumber.testng.FeatureWrapper)[pri:0, instance:com.rishi.pw.test.runner.Runner@35d019a3]" started-at="2026-02-09T23:28:20 IST" name="runScenario" description="Runs Cucumber Scenarios" data-provider="scenarios" finished-at="2026-02-09T23:29:11 IST" duration-ms="50538" status="PASS">
          <params>
            <param index="0">
              <value>
                <![CDATA["Login page hyperlink redirection validation"]]>
              </value>
            </param>
            <param index="1">
              <value>
                <![CDATA["Login page features for Flipkart Application"]]>
              </value>
            </param>
          </params>
          <reporter-output>
          </reporter-output>
        </test-method> <!-- runScenario -->
        <test-method is-config="true" signature="tearDownClass()[pri:0, instance:com.rishi.pw.test.runner.Runner@35d019a3]" started-at="2026-02-09T23:29:15 IST" name="tearDownClass" finished-at="2026-02-09T23:29:15 IST" duration-ms="555" status="PASS">
          <reporter-output>
          </reporter-output>
        </test-method> <!-- tearDownClass -->
        <test-method is-config="true" signature="flushReport()[pri:0, instance:com.rishi.pw.test.runner.Runner@35d019a3]" started-at="2026-02-09T23:29:15 IST" name="flushReport" finished-at="2026-02-09T23:29:15 IST" duration-ms="69" status="PASS">
          <reporter-output>
          </reporter-output>
        </test-method> <!-- flushReport -->
      </class> <!-- com.rishi.pw.test.runner.Runner -->
    </test> <!-- Default test -->
  </suite> <!-- Default suite -->
</testng-results>
